<?xml version="1.0" encoding="UTF-8"?>
<testsuite name="hello.HelloControllerTest" time="0.221" tests="1" errors="0" skipped="0" failures="1">
  <properties>
[...]
</properties>
  <testcase name="getHello" classname="hello.HelloControllerTest" time="0.221">
    <failure message="Status expected:&lt;200&gt; but was:&lt;404&gt;" type="java.lang.AssertionError"><![CDATA[java.lang.AssertionError: Status expected:<200> but was:<404>
	at org.springframework.test.util.AssertionErrors.fail(AssertionErrors.java:54)
	at org.springframework.test.util.AssertionErrors.assertEquals(AssertionErrors.java:81)
	at org.springframework.test.web.servlet.result.StatusResultMatchers$10.match(StatusResultMatchers.java:665)
	at org.springframework.test.web.servlet.MockMvc$1.andExpect(MockMvc.java:171)
	at hello.HelloControllerTest.getHello(HelloControllerTest.java:28)
]]></failure>
    <system-out><![CDATA[16:00:33.668 [main] DEBUG org.springframework.test.context.junit4.SpringJUnit4ClassRunner - SpringJUnit4ClassRunner constructor called with [class hello.HelloControllerTest]
16:00:33.691 [main] DEBUG org.springframework.test.context.BootstrapUtils - Instantiating CacheAwareContextLoaderDelegate from class [org.springframework.test.context.cache.DefaultCacheAwareContextLoaderDelegate]
16:00:33.709 [main] DEBUG org.springframework.test.context.BootstrapUtils - Instantiating BootstrapContext using constructor [public org.springframework.test.context.support.DefaultBootstrapContext(java.lang.Class,org.springframework.test.context.CacheAwareContextLoaderDelegate)]
16:00:33.743 [main] DEBUG org.springframework.test.context.BootstrapUtils - Instantiating TestContextBootstrapper for test class [hello.HelloControllerTest] from class [org.springframework.boot.test.context.SpringBootTestContextBootstrapper]
16:00:33.763 [main] INFO org.springframework.boot.test.context.SpringBootTestContextBootstrapper - Neither @ContextConfiguration nor @ContextHierarchy found for test class [hello.HelloControllerTest], using SpringBootContextLoader
16:00:33.767 [main] DEBUG org.springframework.test.context.support.AbstractContextLoader - Did not detect default resource location for test class [hello.HelloControllerTest]: class path resource [hello/HelloControllerTest-context.xml] does not exist
16:00:33.767 [main] DEBUG org.springframework.test.context.support.AbstractContextLoader - Did not detect default resource location for test class [hello.HelloControllerTest]: class path resource [hello/HelloControllerTestContext.groovy] does not exist
16:00:33.767 [main] INFO org.springframework.test.context.support.AbstractContextLoader - Could not detect default resource locations for test class [hello.HelloControllerTest]: no resource found for suffixes {-context.xml, Context.groovy}.
16:00:33.769 [main] INFO org.springframework.test.context.support.AnnotationConfigContextLoaderUtils - Could not detect default configuration classes for test class [hello.HelloControllerTest]: HelloControllerTest does not declare any static, non-private, non-final, nested classes annotated with @Configuration.
16:00:33.862 [main] DEBUG org.springframework.test.context.support.ActiveProfilesUtils - Could not find an 'annotation declaring class' for annotation type [org.springframework.test.context.ActiveProfiles] and class [hello.HelloControllerTest]
16:00:33.873 [main] DEBUG org.springframework.core.env.StandardEnvironment - Adding PropertySource 'systemProperties' with lowest search precedence
16:00:33.873 [main] DEBUG org.springframework.core.env.StandardEnvironment - Adding PropertySource 'systemEnvironment' with lowest search precedence
16:00:33.874 [main] DEBUG org.springframework.core.env.StandardEnvironment - Initialized StandardEnvironment with PropertySources [MapPropertySource@813656972 {name='systemProperties', properties={java.runtime.name=Java(TM) SE Runtime Environment, sun.boot.library.path=C:\Program Files\Java\jdk1.8.0_102\jre\bin, java.vm.version=25.102-b14, java.vm.vendor=Oracle Corporation, java.vendor.url=http://java.oracle.com/, path.separator=;, java.vm.name=Java HotSpot(TM) 64-Bit Server VM, file.encoding.pkg=sun.io, user.country=US, user.script=, sun.java.launcher=SUN_STANDARD, sun.os.patch.level=Service Pack 1, java.vm.specification.name=Java Virtual Machine Specification, user.dir=D:\gs-spring-boot-master\gs-spring-boot-master\complete, java.runtime.version=1.8.0_102-b14, basedir=D:\gs-spring-boot-master\gs-spring-boot-master\complete, java.awt.graphicsenv=sun.awt.Win32GraphicsEnvironment, java.endorsed.dirs=C:\Program Files\Java\jdk1.8.0_102\jre\lib\endorsed, os.arch=amd64, surefire.real.class.path=D:\gs-spring-boot-master\gs-spring-boot-master\complete\target\surefire\surefirebooter5513270851157024813.jar, java.io.tmpdir=C:\Users\103467\AppData\Local\Temp\, line.separator=
, java.vm.specification.vendor=Oracle Corporation, user.variant=, os.name=Windows 7, sun.jnu.encoding=Cp1252, java.library.path=C:\Program Files\Java\jdk1.8.0_102\jre\bin;C:\WINDOWS\Sun\Java\bin;C:\WINDOWS\system32;C:\WINDOWS;C:/Program Files/Java/jre1.8.0_144/bin/server;C:/Program Files/Java/jre1.8.0_144/bin;C:/Program Files/Java/jre1.8.0_144/lib/amd64;C:\ProgramData\Oracle\Java\javapath;C:\WINDOWS\system32;C:\WINDOWS;C:\WINDOWS\System32\Wbem;C:\WINDOWS\System32\WindowsPowerShell\v1.0\;D:\apache-maven-3.5.0\bin;C:\Program Files\Java\jdk1.8.0_102\bin;C:\Program Files\nodejs\;C:\Program Files\Git\cmd;C:\Program Files\Cloud Foundry;C:\Program Files (x86)\Box\Box Edit\;C:\Users\103467\AppData\Roaming\npm;C:\OpenSSL\bin;D:\Microsoft VS Code\bin;D:\sts-bundle\sts-3.8.4.RELEASE;;., surefire.test.class.path=D:\gs-spring-boot-master\gs-spring-boot-master\complete\target\test-classes;D:\gs-spring-boot-master\gs-spring-boot-master\complete\target\classes;D:\.m2\repository\org\springframework\boot\spring-boot-starter-web\1.5.7.RELEASE\spring-boot-starter-web-1.5.7.RELEASE.jar;D:\.m2\repository\org\springframework\boot\spring-boot-starter\1.5.7.RELEASE\spring-boot-starter-1.5.7.RELEASE.jar;D:\.m2\repository\org\springframework\boot\spring-boot\1.5.7.RELEASE\spring-boot-1.5.7.RELEASE.jar;D:\.m2\repository\org\springframework\boot\spring-boot-autoconfigure\1.5.7.RELEASE\spring-boot-autoconfigure-1.5.7.RELEASE.jar;D:\.m2\repository\org\springframework\boot\spring-boot-starter-logging\1.5.7.RELEASE\spring-boot-starter-logging-1.5.7.RELEASE.jar;D:\.m2\repository\ch\qos\logback\logback-classic\1.1.11\logback-classic-1.1.11.jar;D:\.m2\repository\ch\qos\logback\logback-core\1.1.11\logback-core-1.1.11.jar;D:\.m2\repository\org\slf4j\jcl-over-slf4j\1.7.25\jcl-over-slf4j-1.7.25.jar;D:\.m2\repository\org\slf4j\jul-to-slf4j\1.7.25\jul-to-slf4j-1.7.25.jar;D:\.m2\repository\org\slf4j\log4j-over-slf4j\1.7.25\log4j-over-slf4j-1.7.25.jar;D:\.m2\repository\org\yaml\snakeyaml\1.17\snakeyaml-1.17.jar;D:\.m2\repository\org\springframework\boot\spring-boot-starter-tomcat\1.5.7.RELEASE\spring-boot-starter-tomcat-1.5.7.RELEASE.jar;D:\.m2\repository\org\apache\tomcat\embed\tomcat-embed-core\8.5.20\tomcat-embed-core-8.5.20.jar;D:\.m2\repository\org\apache\tomcat\embed\tomcat-embed-el\8.5.20\tomcat-embed-el-8.5.20.jar;D:\.m2\repository\org\apache\tomcat\embed\tomcat-embed-websocket\8.5.20\tomcat-embed-websocket-8.5.20.jar;D:\.m2\repository\org\hibernate\hibernate-validator\5.3.5.Final\hibernate-validator-5.3.5.Final.jar;D:\.m2\repository\javax\validation\validation-api\1.1.0.Final\validation-api-1.1.0.Final.jar;D:\.m2\repository\org\jboss\logging\jboss-logging\3.3.1.Final\jboss-logging-3.3.1.Final.jar;D:\.m2\repository\com\fasterxml\classmate\1.3.4\classmate-1.3.4.jar;D:\.m2\repository\com\fasterxml\jackson\core\jackson-databind\2.8.10\jackson-databind-2.8.10.jar;D:\.m2\repository\com\fasterxml\jackson\core\jackson-annotations\2.8.0\jackson-annotations-2.8.0.jar;D:\.m2\repository\com\fasterxml\jackson\core\jackson-core\2.8.10\jackson-core-2.8.10.jar;D:\.m2\repository\org\springframework\spring-web\4.3.11.RELEASE\spring-web-4.3.11.RELEASE.jar;D:\.m2\repository\org\springframework\spring-aop\4.3.11.RELEASE\spring-aop-4.3.11.RELEASE.jar;D:\.m2\repository\org\springframework\spring-beans\4.3.11.RELEASE\spring-beans-4.3.11.RELEASE.jar;D:\.m2\repository\org\springframework\spring-context\4.3.11.RELEASE\spring-context-4.3.11.RELEASE.jar;D:\.m2\repository\org\springframework\spring-webmvc\4.3.11.RELEASE\spring-webmvc-4.3.11.RELEASE.jar;D:\.m2\repository\org\springframework\spring-expression\4.3.11.RELEASE\spring-expression-4.3.11.RELEASE.jar;D:\.m2\repository\org\springframework\boot\spring-boot-starter-actuator\1.5.7.RELEASE\spring-boot-starter-actuator-1.5.7.RELEASE.jar;D:\.m2\repository\org\springframework\boot\spring-boot-actuator\1.5.7.RELEASE\spring-boot-actuator-1.5.7.RELEASE.jar;D:\.m2\repository\org\springframework\boot\spring-boot-starter-test\1.5.7.RELEASE\spring-boot-starter-test-1.5.7.RELEASE.jar;D:\.m2\repository\org\springframework\boot\spring-boot-test\1.5.7.RELEASE\spring-boot-test-1.5.7.RELEASE.jar;D:\.m2\repository\org\springframework\boot\spring-boot-test-autoconfigure\1.5.7.RELEASE\spring-boot-test-autoconfigure-1.5.7.RELEASE.jar;D:\.m2\repository\com\jayway\jsonpath\json-path\2.2.0\json-path-2.2.0.jar;D:\.m2\repository\net\minidev\json-smart\2.2.1\json-smart-2.2.1.jar;D:\.m2\repository\net\minidev\accessors-smart\1.1\accessors-smart-1.1.jar;D:\.m2\repository\org\ow2\asm\asm\5.0.3\asm-5.0.3.jar;D:\.m2\repository\org\slf4j\slf4j-api\1.7.25\slf4j-api-1.7.25.jar;D:\.m2\repository\junit\junit\4.12\junit-4.12.jar;D:\.m2\repository\org\assertj\assertj-core\2.6.0\assertj-core-2.6.0.jar;D:\.m2\repository\org\mockito\mockito-core\1.10.19\mockito-core-1.10.19.jar;D:\.m2\repository\org\objenesis\objenesis\2.1\objenesis-2.1.jar;D:\.m2\repository\org\hamcrest\hamcrest-core\1.3\hamcrest-core-1.3.jar;D:\.m2\repository\org\hamcrest\hamcrest-library\1.3\hamcrest-library-1.3.jar;D:\.m2\repository\org\skyscreamer\jsonassert\1.4.0\jsonassert-1.4.0.jar;D:\.m2\repository\com\vaadin\external\google\android-json\0.0.20131108.vaadin1\android-json-0.0.20131108.vaadin1.jar;D:\.m2\repository\org\springframework\spring-core\4.3.11.RELEASE\spring-core-4.3.11.RELEASE.jar;D:\.m2\repository\org\springframework\spring-test\4.3.11.RELEASE\spring-test-4.3.11.RELEASE.jar;, java.specification.name=Java Platform API Specification, java.class.version=52.0, sun.management.compiler=HotSpot 64-Bit Tiered Compilers, os.version=6.1, user.home=C:\Users\103467, user.timezone=Asia/Calcutta, java.awt.printerjob=sun.awt.windows.WPrinterJob, file.encoding=Cp1252, java.specification.version=1.8, java.class.path=D:\gs-spring-boot-master\gs-spring-boot-master\complete\target\test-classes;D:\gs-spring-boot-master\gs-spring-boot-master\complete\target\classes;D:\.m2\repository\org\springframework\boot\spring-boot-starter-web\1.5.7.RELEASE\spring-boot-starter-web-1.5.7.RELEASE.jar;D:\.m2\repository\org\springframework\boot\spring-boot-starter\1.5.7.RELEASE\spring-boot-starter-1.5.7.RELEASE.jar;D:\.m2\repository\org\springframework\boot\spring-boot\1.5.7.RELEASE\spring-boot-1.5.7.RELEASE.jar;D:\.m2\repository\org\springframework\boot\spring-boot-autoconfigure\1.5.7.RELEASE\spring-boot-autoconfigure-1.5.7.RELEASE.jar;D:\.m2\repository\org\springframework\boot\spring-boot-starter-logging\1.5.7.RELEASE\spring-boot-starter-logging-1.5.7.RELEASE.jar;D:\.m2\repository\ch\qos\logback\logback-classic\1.1.11\logback-classic-1.1.11.jar;D:\.m2\repository\ch\qos\logback\logback-core\1.1.11\logback-core-1.1.11.jar;D:\.m2\repository\org\slf4j\jcl-over-slf4j\1.7.25\jcl-over-slf4j-1.7.25.jar;D:\.m2\repository\org\slf4j\jul-to-slf4j\1.7.25\jul-to-slf4j-1.7.25.jar;D:\.m2\repository\org\slf4j\log4j-over-slf4j\1.7.25\log4j-over-slf4j-1.7.25.jar;D:\.m2\repository\org\yaml\snakeyaml\1.17\snakeyaml-1.17.jar;D:\.m2\repository\org\springframework\boot\spring-boot-starter-tomcat\1.5.7.RELEASE\spring-boot-starter-tomcat-1.5.7.RELEASE.jar;D:\.m2\repository\org\apache\tomcat\embed\tomcat-embed-core\8.5.20\tomcat-embed-core-8.5.20.jar;D:\.m2\repository\org\apache\tomcat\embed\tomcat-embed-el\8.5.20\tomcat-embed-el-8.5.20.jar;D:\.m2\repository\org\apache\tomcat\embed\tomcat-embed-websocket\8.5.20\tomcat-embed-websocket-8.5.20.jar;D:\.m2\repository\org\hibernate\hibernate-validator\5.3.5.Final\hibernate-validator-5.3.5.Final.jar;D:\.m2\repository\javax\validation\validation-api\1.1.0.Final\validation-api-1.1.0.Final.jar;D:\.m2\repository\org\jboss\logging\jboss-logging\3.3.1.Final\jboss-logging-3.3.1.Final.jar;D:\.m2\repository\com\fasterxml\classmate\1.3.4\classmate-1.3.4.jar;D:\.m2\repository\com\fasterxml\jackson\core\jackson-databind\2.8.10\jackson-databind-2.8.10.jar;D:\.m2\repository\com\fasterxml\jackson\core\jackson-annotations\2.8.0\jackson-annotations-2.8.0.jar;D:\.m2\repository\com\fasterxml\jackson\core\jackson-core\2.8.10\jackson-core-2.8.10.jar;D:\.m2\repository\org\springframework\spring-web\4.3.11.RELEASE\spring-web-4.3.11.RELEASE.jar;D:\.m2\repository\org\springframework\spring-aop\4.3.11.RELEASE\spring-aop-4.3.11.RELEASE.jar;D:\.m2\repository\org\springframework\spring-beans\4.3.11.RELEASE\spring-beans-4.3.11.RELEASE.jar;D:\.m2\repository\org\springframework\spring-context\4.3.11.RELEASE\spring-context-4.3.11.RELEASE.jar;D:\.m2\repository\org\springframework\spring-webmvc\4.3.11.RELEASE\spring-webmvc-4.3.11.RELEASE.jar;D:\.m2\repository\org\springframework\spring-expression\4.3.11.RELEASE\spring-expression-4.3.11.RELEASE.jar;D:\.m2\repository\org\springframework\boot\spring-boot-starter-actuator\1.5.7.RELEASE\spring-boot-starter-actuator-1.5.7.RELEASE.jar;D:\.m2\repository\org\springframework\boot\spring-boot-actuator\1.5.7.RELEASE\spring-boot-actuator-1.5.7.RELEASE.jar;D:\.m2\repository\org\springframework\boot\spring-boot-starter-test\1.5.7.RELEASE\spring-boot-starter-test-1.5.7.RELEASE.jar;D:\.m2\repository\org\springframework\boot\spring-boot-test\1.5.7.RELEASE\spring-boot-test-1.5.7.RELEASE.jar;D:\.m2\repository\org\springframework\boot\spring-boot-test-autoconfigure\1.5.7.RELEASE\spring-boot-test-autoconfigure-1.5.7.RELEASE.jar;D:\.m2\repository\com\jayway\jsonpath\json-path\2.2.0\json-path-2.2.0.jar;D:\.m2\repository\net\minidev\json-smart\2.2.1\json-smart-2.2.1.jar;D:\.m2\repository\net\minidev\accessors-smart\1.1\accessors-smart-1.1.jar;D:\.m2\repository\org\ow2\asm\asm\5.0.3\asm-5.0.3.jar;D:\.m2\repository\org\slf4j\slf4j-api\1.7.25\slf4j-api-1.7.25.jar;D:\.m2\repository\junit\junit\4.12\junit-4.12.jar;D:\.m2\repository\org\assertj\assertj-core\2.6.0\assertj-core-2.6.0.jar;D:\.m2\repository\org\mockito\mockito-core\1.10.19\mockito-core-1.10.19.jar;D:\.m2\repository\org\objenesis\objenesis\2.1\objenesis-2.1.jar;D:\.m2\repository\org\hamcrest\hamcrest-core\1.3\hamcrest-core-1.3.jar;D:\.m2\repository\org\hamcrest\hamcrest-library\1.3\hamcrest-library-1.3.jar;D:\.m2\repository\org\skyscreamer\jsonassert\1.4.0\jsonassert-1.4.0.jar;D:\.m2\repository\com\vaadin\external\google\android-json\0.0.20131108.vaadin1\android-json-0.0.20131108.vaadin1.jar;D:\.m2\repository\org\springframework\spring-core\4.3.11.RELEASE\spring-core-4.3.11.RELEASE.jar;D:\.m2\repository\org\springframework\spring-test\4.3.11.RELEASE\spring-test-4.3.11.RELEASE.jar;, user.name=103467, java.vm.specification.version=1.8, sun.java.command=D:\gs-spring-boot-master\gs-spring-boot-master\complete\target\surefire\surefirebooter5513270851157024813.jar D:\gs-spring-boot-master\gs-spring-boot-master\complete\target\surefire\surefire4441842787961603634tmp D:\gs-spring-boot-master\gs-spring-boot-master\complete\target\surefire\surefire_01311889914942584588tmp, java.home=C:\Program Files\Java\jdk1.8.0_102\jre, sun.arch.data.model=64, user.language=en, java.specification.vendor=Oracle Corporation, awt.toolkit=sun.awt.windows.WToolkit, java.vm.info=mixed mode, java.version=1.8.0_102, java.ext.dirs=C:\Program Files\Java\jdk1.8.0_102\jre\lib\ext;C:\WINDOWS\Sun\Java\lib\ext, sun.boot.class.path=C:\Program Files\Java\jdk1.8.0_102\jre\lib\resources.jar;C:\Program Files\Java\jdk1.8.0_102\jre\lib\rt.jar;C:\Program Files\Java\jdk1.8.0_102\jre\lib\sunrsasign.jar;C:\Program Files\Java\jdk1.8.0_102\jre\lib\jsse.jar;C:\Program Files\Java\jdk1.8.0_102\jre\lib\jce.jar;C:\Program Files\Java\jdk1.8.0_102\jre\lib\charsets.jar;C:\Program Files\Java\jdk1.8.0_102\jre\lib\jfr.jar;C:\Program Files\Java\jdk1.8.0_102\jre\classes, java.vendor=Oracle Corporation, localRepository=D:\.m2\repository, file.separator=\, java.vendor.url.bug=http://bugreport.sun.com/bugreport/, sun.io.unicode.encoding=UnicodeLittle, sun.cpu.endian=little, sun.desktop=windows, sun.cpu.isalist=amd64}}, SystemEnvironmentPropertySource@2048425748 {name='systemEnvironment', properties={PATH=C:/Program Files/Java/jre1.8.0_144/bin/server;C:/Program Files/Java/jre1.8.0_144/bin;C:/Program Files/Java/jre1.8.0_144/lib/amd64;C:\ProgramData\Oracle\Java\javapath;C:\WINDOWS\system32;C:\WINDOWS;C:\WINDOWS\System32\Wbem;C:\WINDOWS\System32\WindowsPowerShell\v1.0\;D:\apache-maven-3.5.0\bin;C:\Program Files\Java\jdk1.8.0_102\bin;C:\Program Files\nodejs\;C:\Program Files\Git\cmd;C:\Program Files\Cloud Foundry;C:\Program Files (x86)\Box\Box Edit\;C:\Users\103467\AppData\Roaming\npm;C:\OpenSSL\bin;D:\Microsoft VS Code\bin;D:\sts-bundle\sts-3.8.4.RELEASE;, USERDOMAIN_ROAMINGPROFILE=CTS, LOCALAPPDATA=C:\Users\103467\AppData\Local, PROCESSOR_LEVEL=6, SYSTEMDRIVE=C:, COMMONPROGRAMFILES(X86)=C:\Program Files (x86)\Common Files, FP_NO_HOST_CHECK=NO, USERDOMAIN=CTS, LOGONSERVER=\\CTSINUNTVADA, JAVA_HOME=C:\Program Files\Java\jdk1.8.0_102, PROMPT=$P$G, SESSIONNAME=Console, ALLUSERSPROFILE=C:\ProgramData, PROGRAMFILES(X86)=C:\Program Files (x86), PROCESSOR_ARCHITECTURE=AMD64, DEFLOGDIR=C:\ProgramData\McAfee\DesktopProtection, PROGRAMFILES=C:\Program Files, WINDOWS_TRACING_FLAGS=3, APPDATA=C:\Users\103467\AppData\Roaming, PSMODULEPATH=C:\WINDOWS\system32\WindowsPowerShell\v1.0\Modules\, PROGRAMW6432=C:\Program Files, PROGRAMDATA=C:\ProgramData, SYSTEMROOT=C:\WINDOWS, USERNAME=103467, VSEDEFLOGDIR=C:\ProgramData\McAfee\DesktopProtection, USERDNSDOMAIN=CTS.COM, VBOX_MSI_INSTALL_PATH=C:\Program Files\Oracle\VirtualBox\, ONEDRIVE=C:\Users\103467\OneDrive, PATHEXT=.COM;.EXE;.BAT;.CMD;.VBS;.VBE;.JS;.JSE;.WSF;.WSH;.MSC, OS=Windows_NT, COMMONPROGRAMW6432=C:\Program Files\Common Files, COMPUTERNAME=LT064333, COMMONPROGRAMFILES=C:\Program Files\Common Files, COMSPEC=C:\WINDOWS\system32\cmd.exe, PROCESSOR_REVISION=4e03, UATDATA=C:\WINDOWS\CCM\UATData\D9F8C395-CAB8-491d-B8AC-179A1FE1BE77, WINDIR=C:\WINDOWS, =D:=D:\gs-spring-boot-master\gs-spring-boot-master\complete, HOMEPATH=\Users\103467, TEMP=C:\Users\103467\AppData\Local\Temp, HOMEDRIVE=C:, PROCESSOR_IDENTIFIER=Intel64 Family 6 Model 78 Stepping 3, GenuineIntel, USERPROFILE=C:\Users\103467, TMP=C:\Users\103467\AppData\Local\Temp, WINDOWS_TRACING_LOGFILE=C:\BVTBin\Tests\installpackage\csilogfile.log, PUBLIC=C:\Users\Public, NUMBER_OF_PROCESSORS=4, =::=::\}}]
16:00:33.890 [main] DEBUG org.springframework.core.io.support.PathMatchingResourcePatternResolver - Resolved classpath location [hello/] to resources [URL [file:/D:/gs-spring-boot-master/gs-spring-boot-master/complete/target/test-classes/hello/], URL [file:/D:/gs-spring-boot-master/gs-spring-boot-master/complete/target/classes/hello/]]
16:00:33.891 [main] DEBUG org.springframework.core.io.support.PathMatchingResourcePatternResolver - Looking for matching resources in directory tree [D:\gs-spring-boot-master\gs-spring-boot-master\complete\target\test-classes\hello]
16:00:33.891 [main] DEBUG org.springframework.core.io.support.PathMatchingResourcePatternResolver - Searching directory [D:\gs-spring-boot-master\gs-spring-boot-master\complete\target\test-classes\hello] for files matching pattern [D:/gs-spring-boot-master/gs-spring-boot-master/complete/target/test-classes/hello/*.class]
16:00:33.896 [main] DEBUG org.springframework.core.io.support.PathMatchingResourcePatternResolver - Looking for matching resources in directory tree [D:\gs-spring-boot-master\gs-spring-boot-master\complete\target\classes\hello]
16:00:33.896 [main] DEBUG org.springframework.core.io.support.PathMatchingResourcePatternResolver - Searching directory [D:\gs-spring-boot-master\gs-spring-boot-master\complete\target\classes\hello] for files matching pattern [D:/gs-spring-boot-master/gs-spring-boot-master/complete/target/classes/hello/*.class]
16:00:33.897 [main] DEBUG org.springframework.core.io.support.PathMatchingResourcePatternResolver - Resolved location pattern [classpath*:hello/*.class] to resources [file [D:\gs-spring-boot-master\gs-spring-boot-master\complete\target\test-classes\hello\HelloControllerIT.class], file [D:\gs-spring-boot-master\gs-spring-boot-master\complete\target\test-classes\hello\HelloControllerTest.class], file [D:\gs-spring-boot-master\gs-spring-boot-master\complete\target\classes\hello\Application.class], file [D:\gs-spring-boot-master\gs-spring-boot-master\complete\target\classes\hello\CustomerBO.class], file [D:\gs-spring-boot-master\gs-spring-boot-master\complete\target\classes\hello\CustomerController.class]]
16:00:33.948 [main] DEBUG org.springframework.context.annotation.ClassPathScanningCandidateComponentProvider - Identified candidate component class: file [D:\gs-spring-boot-master\gs-spring-boot-master\complete\target\classes\hello\Application.class]
16:00:34.062 [main] INFO org.springframework.boot.test.context.SpringBootTestContextBootstrapper - Found @SpringBootConfiguration hello.Application for test class hello.HelloControllerTest
16:00:34.098 [main] DEBUG org.springframework.boot.test.context.SpringBootTestContextBootstrapper - @TestExecutionListeners is not present for class [hello.HelloControllerTest]: using defaults.
16:00:34.107 [main] INFO org.springframework.boot.test.context.SpringBootTestContextBootstrapper - Loaded default TestExecutionListener class names from location [META-INF/spring.factories]: [org.springframework.boot.test.mock.mockito.MockitoTestExecutionListener, org.springframework.boot.test.mock.mockito.ResetMocksTestExecutionListener, org.springframework.boot.test.autoconfigure.restdocs.RestDocsTestExecutionListener, org.springframework.boot.test.autoconfigure.web.client.MockRestServiceServerResetTestExecutionListener, org.springframework.boot.test.autoconfigure.web.servlet.MockMvcPrintOnlyOnFailureTestExecutionListener, org.springframework.boot.test.autoconfigure.web.servlet.WebDriverTestExecutionListener, org.springframework.test.context.web.ServletTestExecutionListener, org.springframework.test.context.support.DirtiesContextBeforeModesTestExecutionListener, org.springframework.test.context.support.DependencyInjectionTestExecutionListener, org.springframework.test.context.support.DirtiesContextTestExecutionListener, org.springframework.test.context.transaction.TransactionalTestExecutionListener, org.springframework.test.context.jdbc.SqlScriptsTestExecutionListener]
16:00:34.172 [main] INFO org.springframework.boot.test.context.SpringBootTestContextBootstrapper - Could not instantiate TestExecutionListener [org.springframework.test.context.transaction.TransactionalTestExecutionListener]. Specify custom listener classes or make the default listener classes (and their required dependencies) available. Offending class: [org/springframework/transaction/interceptor/TransactionAttributeSource]
16:00:34.173 [main] INFO org.springframework.boot.test.context.SpringBootTestContextBootstrapper - Could not instantiate TestExecutionListener [org.springframework.test.context.jdbc.SqlScriptsTestExecutionListener]. Specify custom listener classes or make the default listener classes (and their required dependencies) available. Offending class: [org/springframework/transaction/interceptor/TransactionAttribute]
16:00:34.173 [main] INFO org.springframework.boot.test.context.SpringBootTestContextBootstrapper - Using TestExecutionListeners: [org.springframework.test.context.web.ServletTestExecutionListener@4ba2ca36, org.springframework.test.context.support.DirtiesContextBeforeModesTestExecutionListener@3444d69d, org.springframework.boot.test.autoconfigure.SpringBootDependencyInjectionTestExecutionListener@1372ed45, org.springframework.test.context.support.DirtiesContextTestExecutionListener@6a79c292, org.springframework.boot.test.mock.mockito.MockitoTestExecutionListener@37574691, org.springframework.boot.test.autoconfigure.web.servlet.WebDriverTestExecutionListener@25359ed8, org.springframework.boot.test.mock.mockito.ResetMocksTestExecutionListener@21a947fe, org.springframework.boot.test.autoconfigure.web.client.MockRestServiceServerResetTestExecutionListener@5606c0b, org.springframework.boot.test.autoconfigure.web.servlet.MockMvcPrintOnlyOnFailureTestExecutionListener@80ec1f8, org.springframework.boot.test.autoconfigure.restdocs.RestDocsTestExecutionListener@1445d7f]
16:00:34.179 [main] DEBUG org.springframework.test.annotation.ProfileValueUtils - Retrieved @ProfileValueSourceConfiguration [null] for test class [hello.HelloControllerTest]
16:00:34.180 [main] DEBUG org.springframework.test.annotation.ProfileValueUtils - Retrieved ProfileValueSource type [class org.springframework.test.annotation.SystemProfileValueSource] for class [hello.HelloControllerTest]
16:00:34.183 [main] DEBUG org.springframework.test.context.junit4.SpringJUnit4ClassRunner - SpringJUnit4ClassRunner constructor called with [class hello.HelloControllerTest]
16:00:34.183 [main] DEBUG org.springframework.test.context.BootstrapUtils - Instantiating CacheAwareContextLoaderDelegate from class [org.springframework.test.context.cache.DefaultCacheAwareContextLoaderDelegate]
16:00:34.184 [main] DEBUG org.springframework.test.context.BootstrapUtils - Instantiating BootstrapContext using constructor [public org.springframework.test.context.support.DefaultBootstrapContext(java.lang.Class,org.springframework.test.context.CacheAwareContextLoaderDelegate)]
16:00:34.184 [main] DEBUG org.springframework.test.context.BootstrapUtils - Instantiating TestContextBootstrapper for test class [hello.HelloControllerTest] from class [org.springframework.boot.test.context.SpringBootTestContextBootstrapper]
16:00:34.185 [main] INFO org.springframework.boot.test.context.SpringBootTestContextBootstrapper - Neither @ContextConfiguration nor @ContextHierarchy found for test class [hello.HelloControllerTest], using SpringBootContextLoader
16:00:34.185 [main] DEBUG org.springframework.test.context.support.AbstractContextLoader - Did not detect default resource location for test class [hello.HelloControllerTest]: class path resource [hello/HelloControllerTest-context.xml] does not exist
16:00:34.185 [main] DEBUG org.springframework.test.context.support.AbstractContextLoader - Did not detect default resource location for test class [hello.HelloControllerTest]: class path resource [hello/HelloControllerTestContext.groovy] does not exist
16:00:34.186 [main] INFO org.springframework.test.context.support.AbstractContextLoader - Could not detect default resource locations for test class [hello.HelloControllerTest]: no resource found for suffixes {-context.xml, Context.groovy}.
16:00:34.186 [main] INFO org.springframework.test.context.support.AnnotationConfigContextLoaderUtils - Could not detect default configuration classes for test class [hello.HelloControllerTest]: HelloControllerTest does not declare any static, non-private, non-final, nested classes annotated with @Configuration.
16:00:34.198 [main] DEBUG org.springframework.test.context.support.ActiveProfilesUtils - Could not find an 'annotation declaring class' for annotation type [org.springframework.test.context.ActiveProfiles] and class [hello.HelloControllerTest]
16:00:34.199 [main] DEBUG org.springframework.core.env.StandardEnvironment - Adding PropertySource 'systemProperties' with lowest search precedence
16:00:34.199 [main] DEBUG org.springframework.core.env.StandardEnvironment - Adding PropertySource 'systemEnvironment' with lowest search precedence
16:00:34.199 [main] DEBUG org.springframework.core.env.StandardEnvironment - Initialized StandardEnvironment with PropertySources [MapPropertySource@1296674576 {name='systemProperties', properties={java.runtime.name=Java(TM) SE Runtime Environment, sun.boot.library.path=C:\Program Files\Java\jdk1.8.0_102\jre\bin, java.vm.version=25.102-b14, java.vm.vendor=Oracle Corporation, java.vendor.url=http://java.oracle.com/, path.separator=;, java.vm.name=Java HotSpot(TM) 64-Bit Server VM, file.encoding.pkg=sun.io, user.country=US, user.script=, sun.java.launcher=SUN_STANDARD, sun.os.patch.level=Service Pack 1, java.vm.specification.name=Java Virtual Machine Specification, user.dir=D:\gs-spring-boot-master\gs-spring-boot-master\complete, java.runtime.version=1.8.0_102-b14, basedir=D:\gs-spring-boot-master\gs-spring-boot-master\complete, java.awt.graphicsenv=sun.awt.Win32GraphicsEnvironment, java.endorsed.dirs=C:\Program Files\Java\jdk1.8.0_102\jre\lib\endorsed, os.arch=amd64, surefire.real.class.path=D:\gs-spring-boot-master\gs-spring-boot-master\complete\target\surefire\surefirebooter5513270851157024813.jar, java.io.tmpdir=C:\Users\103467\AppData\Local\Temp\, line.separator=
, java.vm.specification.vendor=Oracle Corporation, user.variant=, os.name=Windows 7, sun.jnu.encoding=Cp1252, java.library.path=C:\Program Files\Java\jdk1.8.0_102\jre\bin;C:\WINDOWS\Sun\Java\bin;C:\WINDOWS\system32;C:\WINDOWS;C:/Program Files/Java/jre1.8.0_144/bin/server;C:/Program Files/Java/jre1.8.0_144/bin;C:/Program Files/Java/jre1.8.0_144/lib/amd64;C:\ProgramData\Oracle\Java\javapath;C:\WINDOWS\system32;C:\WINDOWS;C:\WINDOWS\System32\Wbem;C:\WINDOWS\System32\WindowsPowerShell\v1.0\;D:\apache-maven-3.5.0\bin;C:\Program Files\Java\jdk1.8.0_102\bin;C:\Program Files\nodejs\;C:\Program Files\Git\cmd;C:\Program Files\Cloud Foundry;C:\Program Files (x86)\Box\Box Edit\;C:\Users\103467\AppData\Roaming\npm;C:\OpenSSL\bin;D:\Microsoft VS Code\bin;D:\sts-bundle\sts-3.8.4.RELEASE;;., surefire.test.class.path=D:\gs-spring-boot-master\gs-spring-boot-master\complete\target\test-classes;D:\gs-spring-boot-master\gs-spring-boot-master\complete\target\classes;D:\.m2\repository\org\springframework\boot\spring-boot-starter-web\1.5.7.RELEASE\spring-boot-starter-web-1.5.7.RELEASE.jar;D:\.m2\repository\org\springframework\boot\spring-boot-starter\1.5.7.RELEASE\spring-boot-starter-1.5.7.RELEASE.jar;D:\.m2\repository\org\springframework\boot\spring-boot\1.5.7.RELEASE\spring-boot-1.5.7.RELEASE.jar;D:\.m2\repository\org\springframework\boot\spring-boot-autoconfigure\1.5.7.RELEASE\spring-boot-autoconfigure-1.5.7.RELEASE.jar;D:\.m2\repository\org\springframework\boot\spring-boot-starter-logging\1.5.7.RELEASE\spring-boot-starter-logging-1.5.7.RELEASE.jar;D:\.m2\repository\ch\qos\logback\logback-classic\1.1.11\logback-classic-1.1.11.jar;D:\.m2\repository\ch\qos\logback\logback-core\1.1.11\logback-core-1.1.11.jar;D:\.m2\repository\org\slf4j\jcl-over-slf4j\1.7.25\jcl-over-slf4j-1.7.25.jar;D:\.m2\repository\org\slf4j\jul-to-slf4j\1.7.25\jul-to-slf4j-1.7.25.jar;D:\.m2\repository\org\slf4j\log4j-over-slf4j\1.7.25\log4j-over-slf4j-1.7.25.jar;D:\.m2\repository\org\yaml\snakeyaml\1.17\snakeyaml-1.17.jar;D:\.m2\repository\org\springframework\boot\spring-boot-starter-tomcat\1.5.7.RELEASE\spring-boot-starter-tomcat-1.5.7.RELEASE.jar;D:\.m2\repository\org\apache\tomcat\embed\tomcat-embed-core\8.5.20\tomcat-embed-core-8.5.20.jar;D:\.m2\repository\org\apache\tomcat\embed\tomcat-embed-el\8.5.20\tomcat-embed-el-8.5.20.jar;D:\.m2\repository\org\apache\tomcat\embed\tomcat-embed-websocket\8.5.20\tomcat-embed-websocket-8.5.20.jar;D:\.m2\repository\org\hibernate\hibernate-validator\5.3.5.Final\hibernate-validator-5.3.5.Final.jar;D:\.m2\repository\javax\validation\validation-api\1.1.0.Final\validation-api-1.1.0.Final.jar;D:\.m2\repository\org\jboss\logging\jboss-logging\3.3.1.Final\jboss-logging-3.3.1.Final.jar;D:\.m2\repository\com\fasterxml\classmate\1.3.4\classmate-1.3.4.jar;D:\.m2\repository\com\fasterxml\jackson\core\jackson-databind\2.8.10\jackson-databind-2.8.10.jar;D:\.m2\repository\com\fasterxml\jackson\core\jackson-annotations\2.8.0\jackson-annotations-2.8.0.jar;D:\.m2\repository\com\fasterxml\jackson\core\jackson-core\2.8.10\jackson-core-2.8.10.jar;D:\.m2\repository\org\springframework\spring-web\4.3.11.RELEASE\spring-web-4.3.11.RELEASE.jar;D:\.m2\repository\org\springframework\spring-aop\4.3.11.RELEASE\spring-aop-4.3.11.RELEASE.jar;D:\.m2\repository\org\springframework\spring-beans\4.3.11.RELEASE\spring-beans-4.3.11.RELEASE.jar;D:\.m2\repository\org\springframework\spring-context\4.3.11.RELEASE\spring-context-4.3.11.RELEASE.jar;D:\.m2\repository\org\springframework\spring-webmvc\4.3.11.RELEASE\spring-webmvc-4.3.11.RELEASE.jar;D:\.m2\repository\org\springframework\spring-expression\4.3.11.RELEASE\spring-expression-4.3.11.RELEASE.jar;D:\.m2\repository\org\springframework\boot\spring-boot-starter-actuator\1.5.7.RELEASE\spring-boot-starter-actuator-1.5.7.RELEASE.jar;D:\.m2\repository\org\springframework\boot\spring-boot-actuator\1.5.7.RELEASE\spring-boot-actuator-1.5.7.RELEASE.jar;D:\.m2\repository\org\springframework\boot\spring-boot-starter-test\1.5.7.RELEASE\spring-boot-starter-test-1.5.7.RELEASE.jar;D:\.m2\repository\org\springframework\boot\spring-boot-test\1.5.7.RELEASE\spring-boot-test-1.5.7.RELEASE.jar;D:\.m2\repository\org\springframework\boot\spring-boot-test-autoconfigure\1.5.7.RELEASE\spring-boot-test-autoconfigure-1.5.7.RELEASE.jar;D:\.m2\repository\com\jayway\jsonpath\json-path\2.2.0\json-path-2.2.0.jar;D:\.m2\repository\net\minidev\json-smart\2.2.1\json-smart-2.2.1.jar;D:\.m2\repository\net\minidev\accessors-smart\1.1\accessors-smart-1.1.jar;D:\.m2\repository\org\ow2\asm\asm\5.0.3\asm-5.0.3.jar;D:\.m2\repository\org\slf4j\slf4j-api\1.7.25\slf4j-api-1.7.25.jar;D:\.m2\repository\junit\junit\4.12\junit-4.12.jar;D:\.m2\repository\org\assertj\assertj-core\2.6.0\assertj-core-2.6.0.jar;D:\.m2\repository\org\mockito\mockito-core\1.10.19\mockito-core-1.10.19.jar;D:\.m2\repository\org\objenesis\objenesis\2.1\objenesis-2.1.jar;D:\.m2\repository\org\hamcrest\hamcrest-core\1.3\hamcrest-core-1.3.jar;D:\.m2\repository\org\hamcrest\hamcrest-library\1.3\hamcrest-library-1.3.jar;D:\.m2\repository\org\skyscreamer\jsonassert\1.4.0\jsonassert-1.4.0.jar;D:\.m2\repository\com\vaadin\external\google\android-json\0.0.20131108.vaadin1\android-json-0.0.20131108.vaadin1.jar;D:\.m2\repository\org\springframework\spring-core\4.3.11.RELEASE\spring-core-4.3.11.RELEASE.jar;D:\.m2\repository\org\springframework\spring-test\4.3.11.RELEASE\spring-test-4.3.11.RELEASE.jar;, java.specification.name=Java Platform API Specification, java.class.version=52.0, sun.management.compiler=HotSpot 64-Bit Tiered Compilers, os.version=6.1, user.home=C:\Users\103467, user.timezone=Asia/Calcutta, java.awt.printerjob=sun.awt.windows.WPrinterJob, file.encoding=Cp1252, java.specification.version=1.8, java.class.path=D:\gs-spring-boot-master\gs-spring-boot-master\complete\target\test-classes;D:\gs-spring-boot-master\gs-spring-boot-master\complete\target\classes;D:\.m2\repository\org\springframework\boot\spring-boot-starter-web\1.5.7.RELEASE\spring-boot-starter-web-1.5.7.RELEASE.jar;D:\.m2\repository\org\springframework\boot\spring-boot-starter\1.5.7.RELEASE\spring-boot-starter-1.5.7.RELEASE.jar;D:\.m2\repository\org\springframework\boot\spring-boot\1.5.7.RELEASE\spring-boot-1.5.7.RELEASE.jar;D:\.m2\repository\org\springframework\boot\spring-boot-autoconfigure\1.5.7.RELEASE\spring-boot-autoconfigure-1.5.7.RELEASE.jar;D:\.m2\repository\org\springframework\boot\spring-boot-starter-logging\1.5.7.RELEASE\spring-boot-starter-logging-1.5.7.RELEASE.jar;D:\.m2\repository\ch\qos\logback\logback-classic\1.1.11\logback-classic-1.1.11.jar;D:\.m2\repository\ch\qos\logback\logback-core\1.1.11\logback-core-1.1.11.jar;D:\.m2\repository\org\slf4j\jcl-over-slf4j\1.7.25\jcl-over-slf4j-1.7.25.jar;D:\.m2\repository\org\slf4j\jul-to-slf4j\1.7.25\jul-to-slf4j-1.7.25.jar;D:\.m2\repository\org\slf4j\log4j-over-slf4j\1.7.25\log4j-over-slf4j-1.7.25.jar;D:\.m2\repository\org\yaml\snakeyaml\1.17\snakeyaml-1.17.jar;D:\.m2\repository\org\springframework\boot\spring-boot-starter-tomcat\1.5.7.RELEASE\spring-boot-starter-tomcat-1.5.7.RELEASE.jar;D:\.m2\repository\org\apache\tomcat\embed\tomcat-embed-core\8.5.20\tomcat-embed-core-8.5.20.jar;D:\.m2\repository\org\apache\tomcat\embed\tomcat-embed-el\8.5.20\tomcat-embed-el-8.5.20.jar;D:\.m2\repository\org\apache\tomcat\embed\tomcat-embed-websocket\8.5.20\tomcat-embed-websocket-8.5.20.jar;D:\.m2\repository\org\hibernate\hibernate-validator\5.3.5.Final\hibernate-validator-5.3.5.Final.jar;D:\.m2\repository\javax\validation\validation-api\1.1.0.Final\validation-api-1.1.0.Final.jar;D:\.m2\repository\org\jboss\logging\jboss-logging\3.3.1.Final\jboss-logging-3.3.1.Final.jar;D:\.m2\repository\com\fasterxml\classmate\1.3.4\classmate-1.3.4.jar;D:\.m2\repository\com\fasterxml\jackson\core\jackson-databind\2.8.10\jackson-databind-2.8.10.jar;D:\.m2\repository\com\fasterxml\jackson\core\jackson-annotations\2.8.0\jackson-annotations-2.8.0.jar;D:\.m2\repository\com\fasterxml\jackson\core\jackson-core\2.8.10\jackson-core-2.8.10.jar;D:\.m2\repository\org\springframework\spring-web\4.3.11.RELEASE\spring-web-4.3.11.RELEASE.jar;D:\.m2\repository\org\springframework\spring-aop\4.3.11.RELEASE\spring-aop-4.3.11.RELEASE.jar;D:\.m2\repository\org\springframework\spring-beans\4.3.11.RELEASE\spring-beans-4.3.11.RELEASE.jar;D:\.m2\repository\org\springframework\spring-context\4.3.11.RELEASE\spring-context-4.3.11.RELEASE.jar;D:\.m2\repository\org\springframework\spring-webmvc\4.3.11.RELEASE\spring-webmvc-4.3.11.RELEASE.jar;D:\.m2\repository\org\springframework\spring-expression\4.3.11.RELEASE\spring-expression-4.3.11.RELEASE.jar;D:\.m2\repository\org\springframework\boot\spring-boot-starter-actuator\1.5.7.RELEASE\spring-boot-starter-actuator-1.5.7.RELEASE.jar;D:\.m2\repository\org\springframework\boot\spring-boot-actuator\1.5.7.RELEASE\spring-boot-actuator-1.5.7.RELEASE.jar;D:\.m2\repository\org\springframework\boot\spring-boot-starter-test\1.5.7.RELEASE\spring-boot-starter-test-1.5.7.RELEASE.jar;D:\.m2\repository\org\springframework\boot\spring-boot-test\1.5.7.RELEASE\spring-boot-test-1.5.7.RELEASE.jar;D:\.m2\repository\org\springframework\boot\spring-boot-test-autoconfigure\1.5.7.RELEASE\spring-boot-test-autoconfigure-1.5.7.RELEASE.jar;D:\.m2\repository\com\jayway\jsonpath\json-path\2.2.0\json-path-2.2.0.jar;D:\.m2\repository\net\minidev\json-smart\2.2.1\json-smart-2.2.1.jar;D:\.m2\repository\net\minidev\accessors-smart\1.1\accessors-smart-1.1.jar;D:\.m2\repository\org\ow2\asm\asm\5.0.3\asm-5.0.3.jar;D:\.m2\repository\org\slf4j\slf4j-api\1.7.25\slf4j-api-1.7.25.jar;D:\.m2\repository\junit\junit\4.12\junit-4.12.jar;D:\.m2\repository\org\assertj\assertj-core\2.6.0\assertj-core-2.6.0.jar;D:\.m2\repository\org\mockito\mockito-core\1.10.19\mockito-core-1.10.19.jar;D:\.m2\repository\org\objenesis\objenesis\2.1\objenesis-2.1.jar;D:\.m2\repository\org\hamcrest\hamcrest-core\1.3\hamcrest-core-1.3.jar;D:\.m2\repository\org\hamcrest\hamcrest-library\1.3\hamcrest-library-1.3.jar;D:\.m2\repository\org\skyscreamer\jsonassert\1.4.0\jsonassert-1.4.0.jar;D:\.m2\repository\com\vaadin\external\google\android-json\0.0.20131108.vaadin1\android-json-0.0.20131108.vaadin1.jar;D:\.m2\repository\org\springframework\spring-core\4.3.11.RELEASE\spring-core-4.3.11.RELEASE.jar;D:\.m2\repository\org\springframework\spring-test\4.3.11.RELEASE\spring-test-4.3.11.RELEASE.jar;, user.name=103467, java.vm.specification.version=1.8, sun.java.command=D:\gs-spring-boot-master\gs-spring-boot-master\complete\target\surefire\surefirebooter5513270851157024813.jar D:\gs-spring-boot-master\gs-spring-boot-master\complete\target\surefire\surefire4441842787961603634tmp D:\gs-spring-boot-master\gs-spring-boot-master\complete\target\surefire\surefire_01311889914942584588tmp, java.home=C:\Program Files\Java\jdk1.8.0_102\jre, sun.arch.data.model=64, user.language=en, java.specification.vendor=Oracle Corporation, awt.toolkit=sun.awt.windows.WToolkit, java.vm.info=mixed mode, java.version=1.8.0_102, java.ext.dirs=C:\Program Files\Java\jdk1.8.0_102\jre\lib\ext;C:\WINDOWS\Sun\Java\lib\ext, sun.boot.class.path=C:\Program Files\Java\jdk1.8.0_102\jre\lib\resources.jar;C:\Program Files\Java\jdk1.8.0_102\jre\lib\rt.jar;C:\Program Files\Java\jdk1.8.0_102\jre\lib\sunrsasign.jar;C:\Program Files\Java\jdk1.8.0_102\jre\lib\jsse.jar;C:\Program Files\Java\jdk1.8.0_102\jre\lib\jce.jar;C:\Program Files\Java\jdk1.8.0_102\jre\lib\charsets.jar;C:\Program Files\Java\jdk1.8.0_102\jre\lib\jfr.jar;C:\Program Files\Java\jdk1.8.0_102\jre\classes, java.vendor=Oracle Corporation, localRepository=D:\.m2\repository, file.separator=\, java.vendor.url.bug=http://bugreport.sun.com/bugreport/, sun.io.unicode.encoding=UnicodeLittle, sun.cpu.endian=little, sun.desktop=windows, sun.cpu.isalist=amd64}}, SystemEnvironmentPropertySource@664457955 {name='systemEnvironment', properties={PATH=C:/Program Files/Java/jre1.8.0_144/bin/server;C:/Program Files/Java/jre1.8.0_144/bin;C:/Program Files/Java/jre1.8.0_144/lib/amd64;C:\ProgramData\Oracle\Java\javapath;C:\WINDOWS\system32;C:\WINDOWS;C:\WINDOWS\System32\Wbem;C:\WINDOWS\System32\WindowsPowerShell\v1.0\;D:\apache-maven-3.5.0\bin;C:\Program Files\Java\jdk1.8.0_102\bin;C:\Program Files\nodejs\;C:\Program Files\Git\cmd;C:\Program Files\Cloud Foundry;C:\Program Files (x86)\Box\Box Edit\;C:\Users\103467\AppData\Roaming\npm;C:\OpenSSL\bin;D:\Microsoft VS Code\bin;D:\sts-bundle\sts-3.8.4.RELEASE;, USERDOMAIN_ROAMINGPROFILE=CTS, LOCALAPPDATA=C:\Users\103467\AppData\Local, PROCESSOR_LEVEL=6, SYSTEMDRIVE=C:, COMMONPROGRAMFILES(X86)=C:\Program Files (x86)\Common Files, FP_NO_HOST_CHECK=NO, USERDOMAIN=CTS, LOGONSERVER=\\CTSINUNTVADA, JAVA_HOME=C:\Program Files\Java\jdk1.8.0_102, PROMPT=$P$G, SESSIONNAME=Console, ALLUSERSPROFILE=C:\ProgramData, PROGRAMFILES(X86)=C:\Program Files (x86), PROCESSOR_ARCHITECTURE=AMD64, DEFLOGDIR=C:\ProgramData\McAfee\DesktopProtection, PROGRAMFILES=C:\Program Files, WINDOWS_TRACING_FLAGS=3, APPDATA=C:\Users\103467\AppData\Roaming, PSMODULEPATH=C:\WINDOWS\system32\WindowsPowerShell\v1.0\Modules\, PROGRAMW6432=C:\Program Files, PROGRAMDATA=C:\ProgramData, SYSTEMROOT=C:\WINDOWS, USERNAME=103467, VSEDEFLOGDIR=C:\ProgramData\McAfee\DesktopProtection, USERDNSDOMAIN=CTS.COM, VBOX_MSI_INSTALL_PATH=C:\Program Files\Oracle\VirtualBox\, ONEDRIVE=C:\Users\103467\OneDrive, PATHEXT=.COM;.EXE;.BAT;.CMD;.VBS;.VBE;.JS;.JSE;.WSF;.WSH;.MSC, OS=Windows_NT, COMMONPROGRAMW6432=C:\Program Files\Common Files, COMPUTERNAME=LT064333, COMMONPROGRAMFILES=C:\Program Files\Common Files, COMSPEC=C:\WINDOWS\system32\cmd.exe, PROCESSOR_REVISION=4e03, UATDATA=C:\WINDOWS\CCM\UATData\D9F8C395-CAB8-491d-B8AC-179A1FE1BE77, WINDIR=C:\WINDOWS, =D:=D:\gs-spring-boot-master\gs-spring-boot-master\complete, HOMEPATH=\Users\103467, TEMP=C:\Users\103467\AppData\Local\Temp, HOMEDRIVE=C:, PROCESSOR_IDENTIFIER=Intel64 Family 6 Model 78 Stepping 3, GenuineIntel, USERPROFILE=C:\Users\103467, TMP=C:\Users\103467\AppData\Local\Temp, WINDOWS_TRACING_LOGFILE=C:\BVTBin\Tests\installpackage\csilogfile.log, PUBLIC=C:\Users\Public, NUMBER_OF_PROCESSORS=4, =::=::\}}]
16:00:34.201 [main] INFO org.springframework.boot.test.context.SpringBootTestContextBootstrapper - Found @SpringBootConfiguration hello.Application for test class hello.HelloControllerTest
16:00:34.203 [main] DEBUG org.springframework.boot.test.context.SpringBootTestContextBootstrapper - @TestExecutionListeners is not present for class [hello.HelloControllerTest]: using defaults.
16:00:34.209 [main] INFO org.springframework.boot.test.context.SpringBootTestContextBootstrapper - Loaded default TestExecutionListener class names from location [META-INF/spring.factories]: [org.springframework.boot.test.mock.mockito.MockitoTestExecutionListener, org.springframework.boot.test.mock.mockito.ResetMocksTestExecutionListener, org.springframework.boot.test.autoconfigure.restdocs.RestDocsTestExecutionListener, org.springframework.boot.test.autoconfigure.web.client.MockRestServiceServerResetTestExecutionListener, org.springframework.boot.test.autoconfigure.web.servlet.MockMvcPrintOnlyOnFailureTestExecutionListener, org.springframework.boot.test.autoconfigure.web.servlet.WebDriverTestExecutionListener, org.springframework.test.context.web.ServletTestExecutionListener, org.springframework.test.context.support.DirtiesContextBeforeModesTestExecutionListener, org.springframework.test.context.support.DependencyInjectionTestExecutionListener, org.springframework.test.context.support.DirtiesContextTestExecutionListener, org.springframework.test.context.transaction.TransactionalTestExecutionListener, org.springframework.test.context.jdbc.SqlScriptsTestExecutionListener]
16:00:34.214 [main] INFO org.springframework.boot.test.context.SpringBootTestContextBootstrapper - Could not instantiate TestExecutionListener [org.springframework.test.context.transaction.TransactionalTestExecutionListener]. Specify custom listener classes or make the default listener classes (and their required dependencies) available. Offending class: [org/springframework/transaction/interceptor/TransactionAttributeSource]
16:00:34.215 [main] INFO org.springframework.boot.test.context.SpringBootTestContextBootstrapper - Could not instantiate TestExecutionListener [org.springframework.test.context.jdbc.SqlScriptsTestExecutionListener]. Specify custom listener classes or make the default listener classes (and their required dependencies) available. Offending class: [org/springframework/transaction/interceptor/TransactionAttribute]
16:00:34.216 [main] INFO org.springframework.boot.test.context.SpringBootTestContextBootstrapper - Using TestExecutionListeners: [org.springframework.test.context.web.ServletTestExecutionListener@8b96fde, org.springframework.test.context.support.DirtiesContextBeforeModesTestExecutionListener@2d2e5f00, org.springframework.boot.test.autoconfigure.SpringBootDependencyInjectionTestExecutionListener@4c40b76e, org.springframework.test.context.support.DirtiesContextTestExecutionListener@2ea6137, org.springframework.boot.test.mock.mockito.MockitoTestExecutionListener@41ee392b, org.springframework.boot.test.autoconfigure.web.servlet.WebDriverTestExecutionListener@1e67a849, org.springframework.boot.test.mock.mockito.ResetMocksTestExecutionListener@57d5872c, org.springframework.boot.test.autoconfigure.web.client.MockRestServiceServerResetTestExecutionListener@667a738, org.springframework.boot.test.autoconfigure.web.servlet.MockMvcPrintOnlyOnFailureTestExecutionListener@36f0f1be, org.springframework.boot.test.autoconfigure.restdocs.RestDocsTestExecutionListener@157632c9]
16:00:34.216 [main] DEBUG org.springframework.test.annotation.ProfileValueUtils - Retrieved @ProfileValueSourceConfiguration [null] for test class [hello.HelloControllerTest]
16:00:34.217 [main] DEBUG org.springframework.test.annotation.ProfileValueUtils - Retrieved ProfileValueSource type [class org.springframework.test.annotation.SystemProfileValueSource] for class [hello.HelloControllerTest]
16:00:34.222 [main] DEBUG org.springframework.test.annotation.ProfileValueUtils - Retrieved @ProfileValueSourceConfiguration [null] for test class [hello.HelloControllerTest]
16:00:34.222 [main] DEBUG org.springframework.test.annotation.ProfileValueUtils - Retrieved ProfileValueSource type [class org.springframework.test.annotation.SystemProfileValueSource] for class [hello.HelloControllerTest]
16:00:34.230 [main] DEBUG org.springframework.test.context.support.AbstractDirtiesContextTestExecutionListener - Before test class: context [DefaultTestContext@534df152 testClass = HelloControllerTest, testInstance = [null], testMethod = [null], testException = [null], mergedContextConfiguration = [WebMergedContextConfiguration@52e677af testClass = HelloControllerTest, locations = '{}', classes = '{class hello.Application}', contextInitializerClasses = '[]', activeProfiles = '{}', propertySourceLocations = '{}', propertySourceProperties = '{org.springframework.boot.test.context.SpringBootTestContextBootstrapper=true}', contextCustomizers = set[[ImportsContextCustomizer@35083305 key = [org.springframework.boot.test.autoconfigure.web.servlet.MockMvcAutoConfiguration, org.springframework.boot.test.autoconfigure.web.servlet.MockMvcSecurityAutoConfiguration, org.springframework.boot.test.autoconfigure.web.servlet.MockMvcWebClientAutoConfiguration, org.springframework.boot.test.autoconfigure.web.servlet.MockMvcWebDriverAutoConfiguration]], org.springframework.boot.test.context.SpringBootTestContextCustomizer@6c49835d, org.springframework.boot.test.context.filter.ExcludeFilterContextCustomizer@7d0587f1, org.springframework.boot.test.json.DuplicateJsonObjectContextCustomizerFactory$DuplicateJsonObjectContextCustomizer@4f063c0a, org.springframework.boot.test.mock.mockito.MockitoContextCustomizer@0, org.springframework.boot.test.autoconfigure.properties.PropertyMappingContextCustomizer@e7e8512, org.springframework.boot.test.autoconfigure.web.servlet.WebDriverContextCustomizerFactory$Customizer@4d41cee], resourceBasePath = 'src/main/webapp', contextLoader = 'org.springframework.boot.test.context.SpringBootContextLoader', parent = [null]]], class annotated with @DirtiesContext [false] with mode [null].
16:00:34.231 [main] DEBUG org.springframework.test.annotation.ProfileValueUtils - Retrieved @ProfileValueSourceConfiguration [null] for test class [hello.HelloControllerTest]
16:00:34.231 [main] DEBUG org.springframework.test.annotation.ProfileValueUtils - Retrieved ProfileValueSource type [class org.springframework.test.annotation.SystemProfileValueSource] for class [hello.HelloControllerTest]
16:00:34.435 [main] DEBUG org.springframework.core.env.StandardEnvironment - Adding PropertySource 'systemProperties' with lowest search precedence
16:00:34.436 [main] DEBUG org.springframework.core.env.StandardEnvironment - Adding PropertySource 'systemEnvironment' with lowest search precedence
16:00:34.437 [main] DEBUG org.springframework.core.env.StandardEnvironment - Initialized StandardEnvironment with PropertySources [MapPropertySource@1661081225 {name='systemProperties', properties={java.runtime.name=Java(TM) SE Runtime Environment, sun.boot.library.path=C:\Program Files\Java\jdk1.8.0_102\jre\bin, java.vm.version=25.102-b14, java.vm.vendor=Oracle Corporation, java.vendor.url=http://java.oracle.com/, path.separator=;, java.vm.name=Java HotSpot(TM) 64-Bit Server VM, file.encoding.pkg=sun.io, user.country=US, user.script=, sun.java.launcher=SUN_STANDARD, sun.os.patch.level=Service Pack 1, java.vm.specification.name=Java Virtual Machine Specification, user.dir=D:\gs-spring-boot-master\gs-spring-boot-master\complete, java.runtime.version=1.8.0_102-b14, basedir=D:\gs-spring-boot-master\gs-spring-boot-master\complete, java.awt.graphicsenv=sun.awt.Win32GraphicsEnvironment, java.endorsed.dirs=C:\Program Files\Java\jdk1.8.0_102\jre\lib\endorsed, os.arch=amd64, surefire.real.class.path=D:\gs-spring-boot-master\gs-spring-boot-master\complete\target\surefire\surefirebooter5513270851157024813.jar, java.io.tmpdir=C:\Users\103467\AppData\Local\Temp\, line.separator=
, java.vm.specification.vendor=Oracle Corporation, user.variant=, os.name=Windows 7, sun.jnu.encoding=Cp1252, java.library.path=C:\Program Files\Java\jdk1.8.0_102\jre\bin;C:\WINDOWS\Sun\Java\bin;C:\WINDOWS\system32;C:\WINDOWS;C:/Program Files/Java/jre1.8.0_144/bin/server;C:/Program Files/Java/jre1.8.0_144/bin;C:/Program Files/Java/jre1.8.0_144/lib/amd64;C:\ProgramData\Oracle\Java\javapath;C:\WINDOWS\system32;C:\WINDOWS;C:\WINDOWS\System32\Wbem;C:\WINDOWS\System32\WindowsPowerShell\v1.0\;D:\apache-maven-3.5.0\bin;C:\Program Files\Java\jdk1.8.0_102\bin;C:\Program Files\nodejs\;C:\Program Files\Git\cmd;C:\Program Files\Cloud Foundry;C:\Program Files (x86)\Box\Box Edit\;C:\Users\103467\AppData\Roaming\npm;C:\OpenSSL\bin;D:\Microsoft VS Code\bin;D:\sts-bundle\sts-3.8.4.RELEASE;;., surefire.test.class.path=D:\gs-spring-boot-master\gs-spring-boot-master\complete\target\test-classes;D:\gs-spring-boot-master\gs-spring-boot-master\complete\target\classes;D:\.m2\repository\org\springframework\boot\spring-boot-starter-web\1.5.7.RELEASE\spring-boot-starter-web-1.5.7.RELEASE.jar;D:\.m2\repository\org\springframework\boot\spring-boot-starter\1.5.7.RELEASE\spring-boot-starter-1.5.7.RELEASE.jar;D:\.m2\repository\org\springframework\boot\spring-boot\1.5.7.RELEASE\spring-boot-1.5.7.RELEASE.jar;D:\.m2\repository\org\springframework\boot\spring-boot-autoconfigure\1.5.7.RELEASE\spring-boot-autoconfigure-1.5.7.RELEASE.jar;D:\.m2\repository\org\springframework\boot\spring-boot-starter-logging\1.5.7.RELEASE\spring-boot-starter-logging-1.5.7.RELEASE.jar;D:\.m2\repository\ch\qos\logback\logback-classic\1.1.11\logback-classic-1.1.11.jar;D:\.m2\repository\ch\qos\logback\logback-core\1.1.11\logback-core-1.1.11.jar;D:\.m2\repository\org\slf4j\jcl-over-slf4j\1.7.25\jcl-over-slf4j-1.7.25.jar;D:\.m2\repository\org\slf4j\jul-to-slf4j\1.7.25\jul-to-slf4j-1.7.25.jar;D:\.m2\repository\org\slf4j\log4j-over-slf4j\1.7.25\log4j-over-slf4j-1.7.25.jar;D:\.m2\repository\org\yaml\snakeyaml\1.17\snakeyaml-1.17.jar;D:\.m2\repository\org\springframework\boot\spring-boot-starter-tomcat\1.5.7.RELEASE\spring-boot-starter-tomcat-1.5.7.RELEASE.jar;D:\.m2\repository\org\apache\tomcat\embed\tomcat-embed-core\8.5.20\tomcat-embed-core-8.5.20.jar;D:\.m2\repository\org\apache\tomcat\embed\tomcat-embed-el\8.5.20\tomcat-embed-el-8.5.20.jar;D:\.m2\repository\org\apache\tomcat\embed\tomcat-embed-websocket\8.5.20\tomcat-embed-websocket-8.5.20.jar;D:\.m2\repository\org\hibernate\hibernate-validator\5.3.5.Final\hibernate-validator-5.3.5.Final.jar;D:\.m2\repository\javax\validation\validation-api\1.1.0.Final\validation-api-1.1.0.Final.jar;D:\.m2\repository\org\jboss\logging\jboss-logging\3.3.1.Final\jboss-logging-3.3.1.Final.jar;D:\.m2\repository\com\fasterxml\classmate\1.3.4\classmate-1.3.4.jar;D:\.m2\repository\com\fasterxml\jackson\core\jackson-databind\2.8.10\jackson-databind-2.8.10.jar;D:\.m2\repository\com\fasterxml\jackson\core\jackson-annotations\2.8.0\jackson-annotations-2.8.0.jar;D:\.m2\repository\com\fasterxml\jackson\core\jackson-core\2.8.10\jackson-core-2.8.10.jar;D:\.m2\repository\org\springframework\spring-web\4.3.11.RELEASE\spring-web-4.3.11.RELEASE.jar;D:\.m2\repository\org\springframework\spring-aop\4.3.11.RELEASE\spring-aop-4.3.11.RELEASE.jar;D:\.m2\repository\org\springframework\spring-beans\4.3.11.RELEASE\spring-beans-4.3.11.RELEASE.jar;D:\.m2\repository\org\springframework\spring-context\4.3.11.RELEASE\spring-context-4.3.11.RELEASE.jar;D:\.m2\repository\org\springframework\spring-webmvc\4.3.11.RELEASE\spring-webmvc-4.3.11.RELEASE.jar;D:\.m2\repository\org\springframework\spring-expression\4.3.11.RELEASE\spring-expression-4.3.11.RELEASE.jar;D:\.m2\repository\org\springframework\boot\spring-boot-starter-actuator\1.5.7.RELEASE\spring-boot-starter-actuator-1.5.7.RELEASE.jar;D:\.m2\repository\org\springframework\boot\spring-boot-actuator\1.5.7.RELEASE\spring-boot-actuator-1.5.7.RELEASE.jar;D:\.m2\repository\org\springframework\boot\spring-boot-starter-test\1.5.7.RELEASE\spring-boot-starter-test-1.5.7.RELEASE.jar;D:\.m2\repository\org\springframework\boot\spring-boot-test\1.5.7.RELEASE\spring-boot-test-1.5.7.RELEASE.jar;D:\.m2\repository\org\springframework\boot\spring-boot-test-autoconfigure\1.5.7.RELEASE\spring-boot-test-autoconfigure-1.5.7.RELEASE.jar;D:\.m2\repository\com\jayway\jsonpath\json-path\2.2.0\json-path-2.2.0.jar;D:\.m2\repository\net\minidev\json-smart\2.2.1\json-smart-2.2.1.jar;D:\.m2\repository\net\minidev\accessors-smart\1.1\accessors-smart-1.1.jar;D:\.m2\repository\org\ow2\asm\asm\5.0.3\asm-5.0.3.jar;D:\.m2\repository\org\slf4j\slf4j-api\1.7.25\slf4j-api-1.7.25.jar;D:\.m2\repository\junit\junit\4.12\junit-4.12.jar;D:\.m2\repository\org\assertj\assertj-core\2.6.0\assertj-core-2.6.0.jar;D:\.m2\repository\org\mockito\mockito-core\1.10.19\mockito-core-1.10.19.jar;D:\.m2\repository\org\objenesis\objenesis\2.1\objenesis-2.1.jar;D:\.m2\repository\org\hamcrest\hamcrest-core\1.3\hamcrest-core-1.3.jar;D:\.m2\repository\org\hamcrest\hamcrest-library\1.3\hamcrest-library-1.3.jar;D:\.m2\repository\org\skyscreamer\jsonassert\1.4.0\jsonassert-1.4.0.jar;D:\.m2\repository\com\vaadin\external\google\android-json\0.0.20131108.vaadin1\android-json-0.0.20131108.vaadin1.jar;D:\.m2\repository\org\springframework\spring-core\4.3.11.RELEASE\spring-core-4.3.11.RELEASE.jar;D:\.m2\repository\org\springframework\spring-test\4.3.11.RELEASE\spring-test-4.3.11.RELEASE.jar;, java.specification.name=Java Platform API Specification, java.class.version=52.0, sun.management.compiler=HotSpot 64-Bit Tiered Compilers, os.version=6.1, user.home=C:\Users\103467, user.timezone=Asia/Calcutta, java.awt.printerjob=sun.awt.windows.WPrinterJob, file.encoding=Cp1252, java.specification.version=1.8, java.class.path=D:\gs-spring-boot-master\gs-spring-boot-master\complete\target\test-classes;D:\gs-spring-boot-master\gs-spring-boot-master\complete\target\classes;D:\.m2\repository\org\springframework\boot\spring-boot-starter-web\1.5.7.RELEASE\spring-boot-starter-web-1.5.7.RELEASE.jar;D:\.m2\repository\org\springframework\boot\spring-boot-starter\1.5.7.RELEASE\spring-boot-starter-1.5.7.RELEASE.jar;D:\.m2\repository\org\springframework\boot\spring-boot\1.5.7.RELEASE\spring-boot-1.5.7.RELEASE.jar;D:\.m2\repository\org\springframework\boot\spring-boot-autoconfigure\1.5.7.RELEASE\spring-boot-autoconfigure-1.5.7.RELEASE.jar;D:\.m2\repository\org\springframework\boot\spring-boot-starter-logging\1.5.7.RELEASE\spring-boot-starter-logging-1.5.7.RELEASE.jar;D:\.m2\repository\ch\qos\logback\logback-classic\1.1.11\logback-classic-1.1.11.jar;D:\.m2\repository\ch\qos\logback\logback-core\1.1.11\logback-core-1.1.11.jar;D:\.m2\repository\org\slf4j\jcl-over-slf4j\1.7.25\jcl-over-slf4j-1.7.25.jar;D:\.m2\repository\org\slf4j\jul-to-slf4j\1.7.25\jul-to-slf4j-1.7.25.jar;D:\.m2\repository\org\slf4j\log4j-over-slf4j\1.7.25\log4j-over-slf4j-1.7.25.jar;D:\.m2\repository\org\yaml\snakeyaml\1.17\snakeyaml-1.17.jar;D:\.m2\repository\org\springframework\boot\spring-boot-starter-tomcat\1.5.7.RELEASE\spring-boot-starter-tomcat-1.5.7.RELEASE.jar;D:\.m2\repository\org\apache\tomcat\embed\tomcat-embed-core\8.5.20\tomcat-embed-core-8.5.20.jar;D:\.m2\repository\org\apache\tomcat\embed\tomcat-embed-el\8.5.20\tomcat-embed-el-8.5.20.jar;D:\.m2\repository\org\apache\tomcat\embed\tomcat-embed-websocket\8.5.20\tomcat-embed-websocket-8.5.20.jar;D:\.m2\repository\org\hibernate\hibernate-validator\5.3.5.Final\hibernate-validator-5.3.5.Final.jar;D:\.m2\repository\javax\validation\validation-api\1.1.0.Final\validation-api-1.1.0.Final.jar;D:\.m2\repository\org\jboss\logging\jboss-logging\3.3.1.Final\jboss-logging-3.3.1.Final.jar;D:\.m2\repository\com\fasterxml\classmate\1.3.4\classmate-1.3.4.jar;D:\.m2\repository\com\fasterxml\jackson\core\jackson-databind\2.8.10\jackson-databind-2.8.10.jar;D:\.m2\repository\com\fasterxml\jackson\core\jackson-annotations\2.8.0\jackson-annotations-2.8.0.jar;D:\.m2\repository\com\fasterxml\jackson\core\jackson-core\2.8.10\jackson-core-2.8.10.jar;D:\.m2\repository\org\springframework\spring-web\4.3.11.RELEASE\spring-web-4.3.11.RELEASE.jar;D:\.m2\repository\org\springframework\spring-aop\4.3.11.RELEASE\spring-aop-4.3.11.RELEASE.jar;D:\.m2\repository\org\springframework\spring-beans\4.3.11.RELEASE\spring-beans-4.3.11.RELEASE.jar;D:\.m2\repository\org\springframework\spring-context\4.3.11.RELEASE\spring-context-4.3.11.RELEASE.jar;D:\.m2\repository\org\springframework\spring-webmvc\4.3.11.RELEASE\spring-webmvc-4.3.11.RELEASE.jar;D:\.m2\repository\org\springframework\spring-expression\4.3.11.RELEASE\spring-expression-4.3.11.RELEASE.jar;D:\.m2\repository\org\springframework\boot\spring-boot-starter-actuator\1.5.7.RELEASE\spring-boot-starter-actuator-1.5.7.RELEASE.jar;D:\.m2\repository\org\springframework\boot\spring-boot-actuator\1.5.7.RELEASE\spring-boot-actuator-1.5.7.RELEASE.jar;D:\.m2\repository\org\springframework\boot\spring-boot-starter-test\1.5.7.RELEASE\spring-boot-starter-test-1.5.7.RELEASE.jar;D:\.m2\repository\org\springframework\boot\spring-boot-test\1.5.7.RELEASE\spring-boot-test-1.5.7.RELEASE.jar;D:\.m2\repository\org\springframework\boot\spring-boot-test-autoconfigure\1.5.7.RELEASE\spring-boot-test-autoconfigure-1.5.7.RELEASE.jar;D:\.m2\repository\com\jayway\jsonpath\json-path\2.2.0\json-path-2.2.0.jar;D:\.m2\repository\net\minidev\json-smart\2.2.1\json-smart-2.2.1.jar;D:\.m2\repository\net\minidev\accessors-smart\1.1\accessors-smart-1.1.jar;D:\.m2\repository\org\ow2\asm\asm\5.0.3\asm-5.0.3.jar;D:\.m2\repository\org\slf4j\slf4j-api\1.7.25\slf4j-api-1.7.25.jar;D:\.m2\repository\junit\junit\4.12\junit-4.12.jar;D:\.m2\repository\org\assertj\assertj-core\2.6.0\assertj-core-2.6.0.jar;D:\.m2\repository\org\mockito\mockito-core\1.10.19\mockito-core-1.10.19.jar;D:\.m2\repository\org\objenesis\objenesis\2.1\objenesis-2.1.jar;D:\.m2\repository\org\hamcrest\hamcrest-core\1.3\hamcrest-core-1.3.jar;D:\.m2\repository\org\hamcrest\hamcrest-library\1.3\hamcrest-library-1.3.jar;D:\.m2\repository\org\skyscreamer\jsonassert\1.4.0\jsonassert-1.4.0.jar;D:\.m2\repository\com\vaadin\external\google\android-json\0.0.20131108.vaadin1\android-json-0.0.20131108.vaadin1.jar;D:\.m2\repository\org\springframework\spring-core\4.3.11.RELEASE\spring-core-4.3.11.RELEASE.jar;D:\.m2\repository\org\springframework\spring-test\4.3.11.RELEASE\spring-test-4.3.11.RELEASE.jar;, user.name=103467, java.vm.specification.version=1.8, sun.java.command=D:\gs-spring-boot-master\gs-spring-boot-master\complete\target\surefire\surefirebooter5513270851157024813.jar D:\gs-spring-boot-master\gs-spring-boot-master\complete\target\surefire\surefire4441842787961603634tmp D:\gs-spring-boot-master\gs-spring-boot-master\complete\target\surefire\surefire_01311889914942584588tmp, java.home=C:\Program Files\Java\jdk1.8.0_102\jre, sun.arch.data.model=64, user.language=en, java.specification.vendor=Oracle Corporation, awt.toolkit=sun.awt.windows.WToolkit, java.vm.info=mixed mode, java.version=1.8.0_102, java.ext.dirs=C:\Program Files\Java\jdk1.8.0_102\jre\lib\ext;C:\WINDOWS\Sun\Java\lib\ext, sun.boot.class.path=C:\Program Files\Java\jdk1.8.0_102\jre\lib\resources.jar;C:\Program Files\Java\jdk1.8.0_102\jre\lib\rt.jar;C:\Program Files\Java\jdk1.8.0_102\jre\lib\sunrsasign.jar;C:\Program Files\Java\jdk1.8.0_102\jre\lib\jsse.jar;C:\Program Files\Java\jdk1.8.0_102\jre\lib\jce.jar;C:\Program Files\Java\jdk1.8.0_102\jre\lib\charsets.jar;C:\Program Files\Java\jdk1.8.0_102\jre\lib\jfr.jar;C:\Program Files\Java\jdk1.8.0_102\jre\classes, java.vendor=Oracle Corporation, localRepository=D:\.m2\repository, file.separator=\, java.vendor.url.bug=http://bugreport.sun.com/bugreport/, sun.io.unicode.encoding=UnicodeLittle, sun.cpu.endian=little, sun.desktop=windows, sun.cpu.isalist=amd64}}, SystemEnvironmentPropertySource@1882554559 {name='systemEnvironment', properties={PATH=C:/Program Files/Java/jre1.8.0_144/bin/server;C:/Program Files/Java/jre1.8.0_144/bin;C:/Program Files/Java/jre1.8.0_144/lib/amd64;C:\ProgramData\Oracle\Java\javapath;C:\WINDOWS\system32;C:\WINDOWS;C:\WINDOWS\System32\Wbem;C:\WINDOWS\System32\WindowsPowerShell\v1.0\;D:\apache-maven-3.5.0\bin;C:\Program Files\Java\jdk1.8.0_102\bin;C:\Program Files\nodejs\;C:\Program Files\Git\cmd;C:\Program Files\Cloud Foundry;C:\Program Files (x86)\Box\Box Edit\;C:\Users\103467\AppData\Roaming\npm;C:\OpenSSL\bin;D:\Microsoft VS Code\bin;D:\sts-bundle\sts-3.8.4.RELEASE;, USERDOMAIN_ROAMINGPROFILE=CTS, LOCALAPPDATA=C:\Users\103467\AppData\Local, PROCESSOR_LEVEL=6, SYSTEMDRIVE=C:, COMMONPROGRAMFILES(X86)=C:\Program Files (x86)\Common Files, FP_NO_HOST_CHECK=NO, USERDOMAIN=CTS, LOGONSERVER=\\CTSINUNTVADA, JAVA_HOME=C:\Program Files\Java\jdk1.8.0_102, PROMPT=$P$G, SESSIONNAME=Console, ALLUSERSPROFILE=C:\ProgramData, PROGRAMFILES(X86)=C:\Program Files (x86), PROCESSOR_ARCHITECTURE=AMD64, DEFLOGDIR=C:\ProgramData\McAfee\DesktopProtection, PROGRAMFILES=C:\Program Files, WINDOWS_TRACING_FLAGS=3, APPDATA=C:\Users\103467\AppData\Roaming, PSMODULEPATH=C:\WINDOWS\system32\WindowsPowerShell\v1.0\Modules\, PROGRAMW6432=C:\Program Files, PROGRAMDATA=C:\ProgramData, SYSTEMROOT=C:\WINDOWS, USERNAME=103467, VSEDEFLOGDIR=C:\ProgramData\McAfee\DesktopProtection, USERDNSDOMAIN=CTS.COM, VBOX_MSI_INSTALL_PATH=C:\Program Files\Oracle\VirtualBox\, ONEDRIVE=C:\Users\103467\OneDrive, PATHEXT=.COM;.EXE;.BAT;.CMD;.VBS;.VBE;.JS;.JSE;.WSF;.WSH;.MSC, OS=Windows_NT, COMMONPROGRAMW6432=C:\Program Files\Common Files, COMPUTERNAME=LT064333, COMMONPROGRAMFILES=C:\Program Files\Common Files, COMSPEC=C:\WINDOWS\system32\cmd.exe, PROCESSOR_REVISION=4e03, UATDATA=C:\WINDOWS\CCM\UATData\D9F8C395-CAB8-491d-B8AC-179A1FE1BE77, WINDIR=C:\WINDOWS, =D:=D:\gs-spring-boot-master\gs-spring-boot-master\complete, HOMEPATH=\Users\103467, TEMP=C:\Users\103467\AppData\Local\Temp, HOMEDRIVE=C:, PROCESSOR_IDENTIFIER=Intel64 Family 6 Model 78 Stepping 3, GenuineIntel, USERPROFILE=C:\Users\103467, TMP=C:\Users\103467\AppData\Local\Temp, WINDOWS_TRACING_LOGFILE=C:\BVTBin\Tests\installpackage\csilogfile.log, PUBLIC=C:\Users\Public, NUMBER_OF_PROCESSORS=4, =::=::\}}]
16:00:34.449 [main] DEBUG org.springframework.core.env.MutablePropertySources - Adding PropertySource 'inline' with highest search precedence
16:00:34.464 [main] DEBUG org.springframework.test.context.support.TestPropertySourceUtils - Adding inlined properties to environment: {spring.jmx.enabled=false, org.springframework.boot.test.context.SpringBootTestContextBootstrapper=true, server.port=-1}
16:00:34.466 [main] DEBUG org.springframework.core.env.StandardEnvironment - Adding PropertySource 'Inlined Test Properties' with highest search precedence

  .   ____          _            __ _ _
 /\\ / ___'_ __ _ _(_)_ __  __ _ \ \ \ \
( ( )\___ | '_ | '_| | '_ \/ _` | \ \ \ \
 \\/  ___)| |_)| | | | | || (_| |  ) ) ) )
  '  |____| .__|_| |_|_| |_\__, | / / / /
 =========|_|==============|___/=/_/_/_/
 :: Spring Boot ::        (v1.5.7.RELEASE)

2017-10-04 16:00:36.529  INFO 9340 --- [           main] hello.HelloControllerTest                : Starting HelloControllerTest on LT064333 with PID 9340 (started by 103467 in D:\gs-spring-boot-master\gs-spring-boot-master\complete)
2017-10-04 16:00:36.531  INFO 9340 --- [           main] hello.HelloControllerTest                : No active profile set, falling back to default profiles: default
2017-10-04 16:00:36.615  INFO 9340 --- [           main] o.s.w.c.s.GenericWebApplicationContext   : Refreshing org.springframework.web.context.support.GenericWebApplicationContext@1e6454ec: startup date [Wed Oct 04 16:00:36 IST 2017]; root of context hierarchy
2017-10-04 16:00:40.229  INFO 9340 --- [           main] o.s.b.t.m.w.SpringBootMockServletContext : Initializing Spring FrameworkServlet ''
2017-10-04 16:00:40.229  INFO 9340 --- [           main] o.s.t.web.servlet.TestDispatcherServlet  : FrameworkServlet '': initialization started
2017-10-04 16:00:41.537  INFO 9340 --- [           main] s.w.s.m.m.a.RequestMappingHandlerMapping : Mapped "{[/customerservice/{customerId}],methods=[GET]}" onto public hello.CustomerBO hello.CustomerController.getCustomer(java.lang.String)
2017-10-04 16:00:41.544  INFO 9340 --- [           main] s.w.s.m.m.a.RequestMappingHandlerMapping : Mapped "{[/error]}" onto public org.springframework.http.ResponseEntity<java.util.Map<java.lang.String, java.lang.Object>> org.springframework.boot.autoconfigure.web.BasicErrorController.error(javax.servlet.http.HttpServletRequest)
2017-10-04 16:00:41.545  INFO 9340 --- [           main] s.w.s.m.m.a.RequestMappingHandlerMapping : Mapped "{[/error],produces=[text/html]}" onto public org.springframework.web.servlet.ModelAndView org.springframework.boot.autoconfigure.web.BasicErrorController.errorHtml(javax.servlet.http.HttpServletRequest,javax.servlet.http.HttpServletResponse)
2017-10-04 16:00:41.634  INFO 9340 --- [           main] o.s.w.s.handler.SimpleUrlHandlerMapping  : Mapped URL path [/webjars/**] onto handler of type [class org.springframework.web.servlet.resource.ResourceHttpRequestHandler]
2017-10-04 16:00:41.634  INFO 9340 --- [           main] o.s.w.s.handler.SimpleUrlHandlerMapping  : Mapped URL path [/**] onto handler of type [class org.springframework.web.servlet.resource.ResourceHttpRequestHandler]
2017-10-04 16:00:41.662  INFO 9340 --- [           main] o.s.w.s.handler.SimpleUrlHandlerMapping  : Mapped URL path [/**/favicon.ico] onto handler of type [class org.springframework.web.servlet.resource.ResourceHttpRequestHandler]
2017-10-04 16:00:42.020  INFO 9340 --- [           main] o.s.b.a.e.mvc.EndpointHandlerMapping     : Mapped "{[/dump || /dump.json],methods=[GET],produces=[application/vnd.spring-boot.actuator.v1+json || application/json]}" onto public java.lang.Object org.springframework.boot.actuate.endpoint.mvc.EndpointMvcAdapter.invoke()
2017-10-04 16:00:42.023  INFO 9340 --- [           main] o.s.b.a.e.mvc.EndpointHandlerMapping     : Mapped "{[/loggers/{name:.*}],methods=[GET],produces=[application/vnd.spring-boot.actuator.v1+json || application/json]}" onto public java.lang.Object org.springframework.boot.actuate.endpoint.mvc.LoggersMvcEndpoint.get(java.lang.String)
2017-10-04 16:00:42.023  INFO 9340 --- [           main] o.s.b.a.e.mvc.EndpointHandlerMapping     : Mapped "{[/loggers/{name:.*}],methods=[POST],consumes=[application/vnd.spring-boot.actuator.v1+json || application/json],produces=[application/vnd.spring-boot.actuator.v1+json || application/json]}" onto public java.lang.Object org.springframework.boot.actuate.endpoint.mvc.LoggersMvcEndpoint.set(java.lang.String,java.util.Map<java.lang.String, java.lang.String>)
2017-10-04 16:00:42.024  INFO 9340 --- [           main] o.s.b.a.e.mvc.EndpointHandlerMapping     : Mapped "{[/loggers || /loggers.json],methods=[GET],produces=[application/vnd.spring-boot.actuator.v1+json || application/json]}" onto public java.lang.Object org.springframework.boot.actuate.endpoint.mvc.EndpointMvcAdapter.invoke()
2017-10-04 16:00:42.025  INFO 9340 --- [           main] o.s.b.a.e.mvc.EndpointHandlerMapping     : Mapped "{[/beans || /beans.json],methods=[GET],produces=[application/vnd.spring-boot.actuator.v1+json || application/json]}" onto public java.lang.Object org.springframework.boot.actuate.endpoint.mvc.EndpointMvcAdapter.invoke()
2017-10-04 16:00:42.027  INFO 9340 --- [           main] o.s.b.a.e.mvc.EndpointHandlerMapping     : Mapped "{[/health || /health.json],methods=[GET],produces=[application/vnd.spring-boot.actuator.v1+json || application/json]}" onto public java.lang.Object org.springframework.boot.actuate.endpoint.mvc.HealthMvcEndpoint.invoke(javax.servlet.http.HttpServletRequest,java.security.Principal)
2017-10-04 16:00:42.028  INFO 9340 --- [           main] o.s.b.a.e.mvc.EndpointHandlerMapping     : Mapped "{[/autoconfig || /autoconfig.json],methods=[GET],produces=[application/vnd.spring-boot.actuator.v1+json || application/json]}" onto public java.lang.Object org.springframework.boot.actuate.endpoint.mvc.EndpointMvcAdapter.invoke()
2017-10-04 16:00:42.031  INFO 9340 --- [           main] o.s.b.a.e.mvc.EndpointHandlerMapping     : Mapped "{[/metrics/{name:.*}],methods=[GET],produces=[application/vnd.spring-boot.actuator.v1+json || application/json]}" onto public java.lang.Object org.springframework.boot.actuate.endpoint.mvc.MetricsMvcEndpoint.value(java.lang.String)
2017-10-04 16:00:42.032  INFO 9340 --- [           main] o.s.b.a.e.mvc.EndpointHandlerMapping     : Mapped "{[/metrics || /metrics.json],methods=[GET],produces=[application/vnd.spring-boot.actuator.v1+json || application/json]}" onto public java.lang.Object org.springframework.boot.actuate.endpoint.mvc.EndpointMvcAdapter.invoke()
2017-10-04 16:00:42.032  INFO 9340 --- [           main] o.s.b.a.e.mvc.EndpointHandlerMapping     : Mapped "{[/configprops || /configprops.json],methods=[GET],produces=[application/vnd.spring-boot.actuator.v1+json || application/json]}" onto public java.lang.Object org.springframework.boot.actuate.endpoint.mvc.EndpointMvcAdapter.invoke()
2017-10-04 16:00:42.033  INFO 9340 --- [           main] o.s.b.a.e.mvc.EndpointHandlerMapping     : Mapped "{[/info || /info.json],methods=[GET],produces=[application/vnd.spring-boot.actuator.v1+json || application/json]}" onto public java.lang.Object org.springframework.boot.actuate.endpoint.mvc.EndpointMvcAdapter.invoke()
2017-10-04 16:00:42.034  INFO 9340 --- [           main] o.s.b.a.e.mvc.EndpointHandlerMapping     : Mapped "{[/trace || /trace.json],methods=[GET],produces=[application/vnd.spring-boot.actuator.v1+json || application/json]}" onto public java.lang.Object org.springframework.boot.actuate.endpoint.mvc.EndpointMvcAdapter.invoke()
2017-10-04 16:00:42.035  INFO 9340 --- [           main] o.s.b.a.e.mvc.EndpointHandlerMapping     : Mapped "{[/auditevents || /auditevents.json],methods=[GET],produces=[application/vnd.spring-boot.actuator.v1+json || application/json]}" onto public org.springframework.http.ResponseEntity<?> org.springframework.boot.actuate.endpoint.mvc.AuditEventsMvcEndpoint.findByPrincipalAndAfterAndType(java.lang.String,java.util.Date,java.lang.String)
2017-10-04 16:00:42.036  INFO 9340 --- [           main] o.s.b.a.e.mvc.EndpointHandlerMapping     : Mapped "{[/mappings || /mappings.json],methods=[GET],produces=[application/vnd.spring-boot.actuator.v1+json || application/json]}" onto public java.lang.Object org.springframework.boot.actuate.endpoint.mvc.EndpointMvcAdapter.invoke()
2017-10-04 16:00:42.038  INFO 9340 --- [           main] o.s.b.a.e.mvc.EndpointHandlerMapping     : Mapped "{[/heapdump || /heapdump.json],methods=[GET],produces=[application/octet-stream]}" onto public void org.springframework.boot.actuate.endpoint.mvc.HeapdumpMvcEndpoint.invoke(boolean,javax.servlet.http.HttpServletRequest,javax.servlet.http.HttpServletResponse) throws java.io.IOException,javax.servlet.ServletException
2017-10-04 16:00:42.039  INFO 9340 --- [           main] o.s.b.a.e.mvc.EndpointHandlerMapping     : Mapped "{[/env/{name:.*}],methods=[GET],produces=[application/vnd.spring-boot.actuator.v1+json || application/json]}" onto public java.lang.Object org.springframework.boot.actuate.endpoint.mvc.EnvironmentMvcEndpoint.value(java.lang.String)
2017-10-04 16:00:42.040  INFO 9340 --- [           main] o.s.b.a.e.mvc.EndpointHandlerMapping     : Mapped "{[/env || /env.json],methods=[GET],produces=[application/vnd.spring-boot.actuator.v1+json || application/json]}" onto public java.lang.Object org.springframework.boot.actuate.endpoint.mvc.EndpointMvcAdapter.invoke()
2017-10-04 16:00:42.365  INFO 9340 --- [           main] s.w.s.m.m.a.RequestMappingHandlerAdapter : Looking for @ControllerAdvice: org.springframework.web.context.support.GenericWebApplicationContext@1e6454ec: startup date [Wed Oct 04 16:00:36 IST 2017]; root of context hierarchy
2017-10-04 16:00:42.551  INFO 9340 --- [           main] o.s.t.web.servlet.TestDispatcherServlet  : FrameworkServlet '': initialization completed in 2321 ms
Let's inspect the beans provided by Spring Boot:
actuatorMetricReader
application
applicationContextIdFilter
auditEventMvcEndpoint
auditEventRepository
auditListener
autoConfigurationReportEndpoint
basicErrorController
beanNameHandlerMapping
beanNameViewResolver
beansEndpoint
characterEncodingFilter
commandLineRunner
configurationPropertiesReportEndpoint
conventionErrorViewResolver
counterBuffers
counterService
customerController
defaultServletHandlerMapping
defaultValidator
defaultViewResolver
diskSpaceHealthIndicator
diskSpaceHealthIndicatorProperties
dispatcherServlet
dispatcherServletRegistration
dumpEndpoint
duplicateServerPropertiesDetector
embeddedServletContainerCustomizerBeanPostProcessor
endpointHandlerMapping
endpoints-org.springframework.boot.actuate.endpoint.EndpointProperties
endpoints.cors-org.springframework.boot.actuate.autoconfigure.EndpointCorsProperties
endpoints.health-org.springframework.boot.actuate.autoconfigure.HealthMvcEndpointProperties
endpoints.metrics.filter-org.springframework.boot.actuate.autoconfigure.MetricFilterProperties
envInfoContributor
environmentEndpoint
environmentMvcEndpoint
error
errorAttributes
errorPageCustomizer
errorPageRegistrarBeanPostProcessor
faviconHandlerMapping
faviconRequestHandler
gaugeBuffers
gaugeService
handlerExceptionResolver
healthAggregator
healthEndpoint
healthMvcEndpoint
heapdumpMvcEndpoint
hiddenHttpMethodFilter
httpPutFormContentFilter
httpRequestHandlerAdapter
infoEndpoint
jacksonObjectMapper
jacksonObjectMapperBuilder
jsonComponentModule
localeCharsetMappingsCustomizer
loggersEndpoint
loggersMvcEndpoint
management.health.status-org.springframework.boot.actuate.autoconfigure.HealthIndicatorProperties
management.info-org.springframework.boot.actuate.autoconfigure.InfoContributorProperties
management.trace-org.springframework.boot.actuate.trace.TraceProperties
managementContextResolver
managementServerProperties
managementServletContext
mappingJackson2HttpMessageConverter
messageConverters
methodValidationPostProcessor
metricReaderPublicMetrics
metricWritersMetricExporter
metricsEndpoint
metricsFilter
metricsMvcEndpoint
mockMvc
mockMvcBuilder
multipartConfigElement
multipartResolver
mvcContentNegotiationManager
mvcConversionService
mvcEndpoints
mvcPathMatcher
mvcResourceUrlProvider
mvcUriComponentsContributor
mvcUrlPathHelper
mvcValidator
mvcViewResolver
org.springframework.boot.actuate.autoconfigure.AuditAutoConfiguration
org.springframework.boot.actuate.autoconfigure.AuditAutoConfiguration$AuditEventRepositoryConfiguration
org.springframework.boot.actuate.autoconfigure.EndpointAutoConfiguration
org.springframework.boot.actuate.autoconfigure.EndpointAutoConfiguration$RequestMappingEndpointConfiguration
org.springframework.boot.actuate.autoconfigure.EndpointWebMvcAutoConfiguration
org.springframework.boot.actuate.autoconfigure.EndpointWebMvcAutoConfiguration$ApplicationContextFilterConfiguration
org.springframework.boot.actuate.autoconfigure.EndpointWebMvcAutoConfiguration$EndpointWebMvcConfiguration
org.springframework.boot.actuate.autoconfigure.EndpointWebMvcManagementContextConfiguration
org.springframework.boot.actuate.autoconfigure.HealthIndicatorAutoConfiguration
org.springframework.boot.actuate.autoconfigure.HealthIndicatorAutoConfiguration$DiskSpaceHealthIndicatorConfiguration
org.springframework.boot.actuate.autoconfigure.InfoContributorAutoConfiguration
org.springframework.boot.actuate.autoconfigure.ManagementServerPropertiesAutoConfiguration
org.springframework.boot.actuate.autoconfigure.MetricExportAutoConfiguration
org.springframework.boot.actuate.autoconfigure.MetricExportAutoConfiguration$MetricExportPropertiesConfiguration
org.springframework.boot.actuate.autoconfigure.MetricExportAutoConfiguration$StatsdConfiguration
org.springframework.boot.actuate.autoconfigure.MetricFilterAutoConfiguration
org.springframework.boot.actuate.autoconfigure.MetricRepositoryAutoConfiguration
org.springframework.boot.actuate.autoconfigure.MetricRepositoryAutoConfiguration$FastMetricServicesConfiguration
org.springframework.boot.actuate.autoconfigure.PublicMetricsAutoConfiguration
org.springframework.boot.actuate.autoconfigure.PublicMetricsAutoConfiguration$TomcatMetricsConfiguration
org.springframework.boot.actuate.autoconfigure.TraceRepositoryAutoConfiguration
org.springframework.boot.actuate.autoconfigure.TraceWebFilterAutoConfiguration
org.springframework.boot.autoconfigure.AutoConfigurationPackages
org.springframework.boot.autoconfigure.condition.BeanTypeRegistry
org.springframework.boot.autoconfigure.context.ConfigurationPropertiesAutoConfiguration
org.springframework.boot.autoconfigure.context.PropertyPlaceholderAutoConfiguration
org.springframework.boot.autoconfigure.info.ProjectInfoAutoConfiguration
org.springframework.boot.autoconfigure.internalCachingMetadataReaderFactory
org.springframework.boot.autoconfigure.jackson.JacksonAutoConfiguration
org.springframework.boot.autoconfigure.jackson.JacksonAutoConfiguration$Jackson2ObjectMapperBuilderCustomizerConfiguration
org.springframework.boot.autoconfigure.jackson.JacksonAutoConfiguration$JacksonObjectMapperBuilderConfiguration
org.springframework.boot.autoconfigure.jackson.JacksonAutoConfiguration$JacksonObjectMapperConfiguration
org.springframework.boot.autoconfigure.validation.ValidationAutoConfiguration
org.springframework.boot.autoconfigure.web.DispatcherServletAutoConfiguration
org.springframework.boot.autoconfigure.web.DispatcherServletAutoConfiguration$DispatcherServletConfiguration
org.springframework.boot.autoconfigure.web.DispatcherServletAutoConfiguration$DispatcherServletRegistrationConfiguration
org.springframework.boot.autoconfigure.web.EmbeddedServletContainerAutoConfiguration
org.springframework.boot.autoconfigure.web.EmbeddedServletContainerAutoConfiguration$EmbeddedTomcat
org.springframework.boot.autoconfigure.web.ErrorMvcAutoConfiguration
org.springframework.boot.autoconfigure.web.ErrorMvcAutoConfiguration$DefaultErrorViewResolverConfiguration
org.springframework.boot.autoconfigure.web.ErrorMvcAutoConfiguration$WhitelabelErrorViewConfiguration
org.springframework.boot.autoconfigure.web.HttpEncodingAutoConfiguration
org.springframework.boot.autoconfigure.web.HttpMessageConvertersAutoConfiguration
org.springframework.boot.autoconfigure.web.HttpMessageConvertersAutoConfiguration$StringHttpMessageConverterConfiguration
org.springframework.boot.autoconfigure.web.JacksonHttpMessageConvertersConfiguration
org.springframework.boot.autoconfigure.web.JacksonHttpMessageConvertersConfiguration$MappingJackson2HttpMessageConverterConfiguration
org.springframework.boot.autoconfigure.web.MultipartAutoConfiguration
org.springframework.boot.autoconfigure.web.ServerPropertiesAutoConfiguration
org.springframework.boot.autoconfigure.web.WebClientAutoConfiguration
org.springframework.boot.autoconfigure.web.WebClientAutoConfiguration$RestTemplateConfiguration
org.springframework.boot.autoconfigure.web.WebMvcAutoConfiguration
org.springframework.boot.autoconfigure.web.WebMvcAutoConfiguration$EnableWebMvcConfiguration
org.springframework.boot.autoconfigure.web.WebMvcAutoConfiguration$WebMvcAutoConfigurationAdapter
org.springframework.boot.autoconfigure.web.WebMvcAutoConfiguration$WebMvcAutoConfigurationAdapter$FaviconConfiguration
org.springframework.boot.autoconfigure.websocket.WebSocketAutoConfiguration
org.springframework.boot.autoconfigure.websocket.WebSocketAutoConfiguration$TomcatWebSocketConfiguration
org.springframework.boot.context.properties.ConfigurationPropertiesBindingPostProcessor
org.springframework.boot.context.properties.ConfigurationPropertiesBindingPostProcessor.store
org.springframework.boot.test.autoconfigure.web.servlet.MockMvcAutoConfiguration
org.springframework.boot.test.autoconfigure.web.servlet.MockMvcSecurityAutoConfiguration
org.springframework.boot.test.context.ImportsContextCustomizer$ImportsCleanupPostProcessor
org.springframework.boot.test.mock.mockito.MockitoPostProcessor
org.springframework.boot.test.mock.mockito.MockitoPostProcessor$SpyPostProcessor
org.springframework.context.annotation.internalAutowiredAnnotationProcessor
org.springframework.context.annotation.internalCommonAnnotationProcessor
org.springframework.context.annotation.internalConfigurationAnnotationProcessor
org.springframework.context.annotation.internalRequiredAnnotationProcessor
org.springframework.context.annotation.internalScheduledAnnotationProcessor
org.springframework.context.event.internalEventListenerFactory
org.springframework.context.event.internalEventListenerProcessor
org.springframework.scheduling.annotation.SchedulingConfiguration
preserveErrorControllerTargetClassPostProcessor
propertySourcesPlaceholderConfigurer
requestContextFilter
requestMappingEndpoint
requestMappingHandlerAdapter
requestMappingHandlerMapping
resourceHandlerMapping
restTemplateBuilder
serverProperties
shutdownEndpoint
simpleControllerHandlerAdapter
spring.http.encoding-org.springframework.boot.autoconfigure.web.HttpEncodingProperties
spring.http.multipart-org.springframework.boot.autoconfigure.web.MultipartProperties
spring.info-org.springframework.boot.autoconfigure.info.ProjectInfoProperties
spring.jackson-org.springframework.boot.autoconfigure.jackson.JacksonProperties
spring.metrics.export-org.springframework.boot.actuate.metrics.export.MetricExportProperties
spring.mvc-org.springframework.boot.autoconfigure.web.WebMvcProperties
spring.resources-org.springframework.boot.autoconfigure.web.ResourceProperties
springBootMockMvcBuilderCustomizer
standardJacksonObjectMapperBuilderCustomizer
stringHttpMessageConverter
systemPublicMetrics
tomcatEmbeddedServletContainerFactory
tomcatPublicMetrics
traceEndpoint
traceRepository
viewControllerHandlerMapping
viewResolver
webRequestLoggingFilter
websocketContainerCustomizer
welcomePageHandlerMapping
2017-10-04 16:00:42.984  INFO 9340 --- [           main] hello.HelloControllerTest                : Started HelloControllerTest in 8.242 seconds (JVM running for 9.931)

MockHttpServletRequest:
      HTTP Method = GET
      Request URI = /
       Parameters = {}
          Headers = {Accept=[application/json]}

Handler:
             Type = org.springframework.web.servlet.resource.ResourceHttpRequestHandler

Async:
    Async started = false
     Async result = null

Resolved Exception:
             Type = null

ModelAndView:
        View name = null
             View = null
            Model = null

FlashMap:
       Attributes = null

MockHttpServletResponse:
           Status = 404
    Error message = null
          Headers = {X-Application-Context=[application:-1]}
     Content type = null
             Body = 
    Forwarded URL = null
   Redirected URL = null
          Cookies = []
]]></system-out>
  </testcase>
</testsuite>